[0.357s] Invoking command in '/home/lss/dev_ws/src/line_follower/line_follower_model': PS1=(pytorch_env) \[\e]0;\u@\h: \w\a\]${debian_chroot:+($debian_chroot)}\[\033[01;32m\]\u@\h\[\033[00m\]:\[\033[01;34m\]\w\[\033[00m\]\$ PYTHONPATH=/home/lss/dev_ws/build/line_follower_model/prefix_override:/usr/lib/python3/dist-packages/colcon_core/task/python/colcon_distutils_commands:/home/lss/dev_ws/install/line_follower_model/lib/python3.10/site-packages:${PYTHONPATH} VIRTUAL_ENV_PROMPT=(pytorch_env) /usr/bin/python3 -W ignore:setup.py install is deprecated -W ignore:easy_install command is deprecated setup.py egg_info --egg-base ../../../build/line_follower_model build --build-base /home/lss/dev_ws/build/line_follower_model/build install --record /home/lss/dev_ws/build/line_follower_model/install.log --single-version-externally-managed install_data
[0.489s] running egg_info
[0.489s] writing ../../../build/line_follower_model/line_follower_model.egg-info/PKG-INFO
[0.490s] writing dependency_links to ../../../build/line_follower_model/line_follower_model.egg-info/dependency_links.txt
[0.490s] writing entry points to ../../../build/line_follower_model/line_follower_model.egg-info/entry_points.txt
[0.490s] writing requirements to ../../../build/line_follower_model/line_follower_model.egg-info/requires.txt
[0.490s] writing top-level names to ../../../build/line_follower_model/line_follower_model.egg-info/top_level.txt
[0.490s] reading manifest file '../../../build/line_follower_model/line_follower_model.egg-info/SOURCES.txt'
[0.491s] writing manifest file '../../../build/line_follower_model/line_follower_model.egg-info/SOURCES.txt'
[0.491s] running build
[0.491s] running build_py
[0.491s] copying line_follower_model/training_member_function .py -> /home/lss/dev_ws/build/line_follower_model/build/lib/line_follower_model
[0.492s] running install
[0.492s] running install_lib
[0.492s] copying /home/lss/dev_ws/build/line_follower_model/build/lib/line_follower_model/training_member_function .py -> /home/lss/dev_ws/install/line_follower_model/lib/python3.10/site-packages/line_follower_model
[0.493s] byte-compiling /home/lss/dev_ws/install/line_follower_model/lib/python3.10/site-packages/line_follower_model/training_member_function .py to training_member_function .cpython-310.pyc
[0.495s] running install_data
[0.495s] running install_egg_info
[0.496s] removing '/home/lss/dev_ws/install/line_follower_model/lib/python3.10/site-packages/line_follower_model-0.0.0-py3.10.egg-info' (and everything under it)
[0.496s] Copying ../../../build/line_follower_model/line_follower_model.egg-info to /home/lss/dev_ws/install/line_follower_model/lib/python3.10/site-packages/line_follower_model-0.0.0-py3.10.egg-info
[0.497s] running install_scripts
[0.508s] Installing annotation script to /home/lss/dev_ws/install/line_follower_model/lib/line_follower_model
[0.508s] Installing generate_onnx script to /home/lss/dev_ws/install/line_follower_model/lib/line_follower_model
[0.508s] Installing line_follower_model script to /home/lss/dev_ws/install/line_follower_model/lib/line_follower_model
[0.508s] Installing pic_annotation script to /home/lss/dev_ws/install/line_follower_model/lib/line_follower_model
[0.509s] Installing training script to /home/lss/dev_ws/install/line_follower_model/lib/line_follower_model
[0.510s] writing list of installed files to '/home/lss/dev_ws/build/line_follower_model/install.log'
[0.524s] Invoked command in '/home/lss/dev_ws/src/line_follower/line_follower_model' returned '0': PS1=(pytorch_env) \[\e]0;\u@\h: \w\a\]${debian_chroot:+($debian_chroot)}\[\033[01;32m\]\u@\h\[\033[00m\]:\[\033[01;34m\]\w\[\033[00m\]\$ PYTHONPATH=/home/lss/dev_ws/build/line_follower_model/prefix_override:/usr/lib/python3/dist-packages/colcon_core/task/python/colcon_distutils_commands:/home/lss/dev_ws/install/line_follower_model/lib/python3.10/site-packages:${PYTHONPATH} VIRTUAL_ENV_PROMPT=(pytorch_env) /usr/bin/python3 -W ignore:setup.py install is deprecated -W ignore:easy_install command is deprecated setup.py egg_info --egg-base ../../../build/line_follower_model build --build-base /home/lss/dev_ws/build/line_follower_model/build install --record /home/lss/dev_ws/build/line_follower_model/install.log --single-version-externally-managed install_data
