/home/lss/dev_ws/install/line_follower_model/lib/python3.10/site-packages/line_follower_model/annotation_member_function.py
/home/lss/dev_ws/install/line_follower_model/lib/python3.10/site-packages/line_follower_model/__init__.py
/home/lss/dev_ws/install/line_follower_model/lib/python3.10/site-packages/line_follower_model/new1.py
/home/lss/dev_ws/install/line_follower_model/lib/python3.10/site-packages/line_follower_model/training_member_function_resnet.py
/home/lss/dev_ws/install/line_follower_model/lib/python3.10/site-packages/line_follower_model/pic_annotation_member.py
/home/lss/dev_ws/install/line_follower_model/lib/python3.10/site-packages/line_follower_model/training_member_function_new_edition.py
/home/lss/dev_ws/install/line_follower_model/lib/python3.10/site-packages/line_follower_model/evaluate_only.py
/home/lss/dev_ws/install/line_follower_model/lib/python3.10/site-packages/line_follower_model/generate_onnx_member_function.py
/home/lss/dev_ws/install/line_follower_model/lib/python3.10/site-packages/line_follower_model/training_member_function .py
/home/lss/dev_ws/install/line_follower_model/lib/python3.10/site-packages/line_follower_model/line_follower_model.py
/home/lss/dev_ws/install/line_follower_model/lib/python3.10/site-packages/line_follower_model/__pycache__/annotation_member_function.cpython-310.pyc
/home/lss/dev_ws/install/line_follower_model/lib/python3.10/site-packages/line_follower_model/__pycache__/__init__.cpython-310.pyc
/home/lss/dev_ws/install/line_follower_model/lib/python3.10/site-packages/line_follower_model/__pycache__/new1.cpython-310.pyc
/home/lss/dev_ws/install/line_follower_model/lib/python3.10/site-packages/line_follower_model/__pycache__/training_member_function_resnet.cpython-310.pyc
/home/lss/dev_ws/install/line_follower_model/lib/python3.10/site-packages/line_follower_model/__pycache__/pic_annotation_member.cpython-310.pyc
/home/lss/dev_ws/install/line_follower_model/lib/python3.10/site-packages/line_follower_model/__pycache__/training_member_function_new_edition.cpython-310.pyc
/home/lss/dev_ws/install/line_follower_model/lib/python3.10/site-packages/line_follower_model/__pycache__/evaluate_only.cpython-310.pyc
/home/lss/dev_ws/install/line_follower_model/lib/python3.10/site-packages/line_follower_model/__pycache__/generate_onnx_member_function.cpython-310.pyc
/home/lss/dev_ws/install/line_follower_model/lib/python3.10/site-packages/line_follower_model/__pycache__/training_member_function .cpython-310.pyc
/home/lss/dev_ws/install/line_follower_model/lib/python3.10/site-packages/line_follower_model/__pycache__/line_follower_model.cpython-310.pyc
/home/lss/dev_ws/install/line_follower_model/share/ament_index/resource_index/packages/line_follower_model
/home/lss/dev_ws/install/line_follower_model/share/line_follower_model/package.xml
/home/lss/dev_ws/install/line_follower_model/lib/python3.10/site-packages/line_follower_model-0.0.0-py3.10.egg-info/entry_points.txt
/home/lss/dev_ws/install/line_follower_model/lib/python3.10/site-packages/line_follower_model-0.0.0-py3.10.egg-info/dependency_links.txt
/home/lss/dev_ws/install/line_follower_model/lib/python3.10/site-packages/line_follower_model-0.0.0-py3.10.egg-info/PKG-INFO
/home/lss/dev_ws/install/line_follower_model/lib/python3.10/site-packages/line_follower_model-0.0.0-py3.10.egg-info/requires.txt
/home/lss/dev_ws/install/line_follower_model/lib/python3.10/site-packages/line_follower_model-0.0.0-py3.10.egg-info/top_level.txt
/home/lss/dev_ws/install/line_follower_model/lib/python3.10/site-packages/line_follower_model-0.0.0-py3.10.egg-info/zip-safe
/home/lss/dev_ws/install/line_follower_model/lib/python3.10/site-packages/line_follower_model-0.0.0-py3.10.egg-info/SOURCES.txt
/home/lss/dev_ws/install/line_follower_model/lib/line_follower_model/annotation
/home/lss/dev_ws/install/line_follower_model/lib/line_follower_model/generate_onnx
/home/lss/dev_ws/install/line_follower_model/lib/line_follower_model/line_follower_model
/home/lss/dev_ws/install/line_follower_model/lib/line_follower_model/pic_annotation
/home/lss/dev_ws/install/line_follower_model/lib/line_follower_model/training
