[0.149s] Invoking command in '/home/lss/dev_ws/build/line_follower_perception': CMAKE_PREFIX_PATH=${CMAKE_PREFIX_PATH}:/home/lss/dev_ws/install/line_follower_model:/home/lss/dev_ws_desktop/install/originbot_viz:/home/lss/dev_ws_desktop/install/originbot_demo:/home/lss/dev_ws_desktop/install/originbot_gazebo_harmonic:/home/lss/dev_ws_desktop/install/originbot_gazebo_fortress:/home/lss/dev_ws_desktop/install/originbot_gazebo:/home/lss/dev_ws_desktop/install/originbot_description:/home/lss/dev_ws_desktop/install/line_follower_model:/opt/ros/humble PS1=(pytorch_env) \[\e]0;\u@\h: \w\a\]${debian_chroot:+($debian_chroot)}\[\033[01;32m\]\u@\h\[\033[00m\]:\[\033[01;34m\]\w\[\033[00m\]\$ VIRTUAL_ENV_PROMPT=(pytorch_env) /usr/bin/cmake /home/lss/dev_ws/src/line_follower/line_follower_perception -DCMAKE_INSTALL_PREFIX=/home/lss/dev_ws/install/line_follower_perception
[0.294s] -- The C compiler identification is GNU 11.4.0
[0.381s] -- The CXX compiler identification is GNU 11.4.0
[0.394s] -- Detecting C compiler ABI info
[0.440s] -- Detecting C compiler ABI info - done
[0.445s] -- Check for working C compiler: /usr/bin/cc - skipped
[0.445s] -- Detecting C compile features
[0.446s] -- Detecting C compile features - done
[0.449s] -- Detecting CXX compiler ABI info
[0.495s] -- Detecting CXX compiler ABI info - done
[0.499s] -- Check for working CXX compiler: /usr/bin/c++ - skipped
[0.499s] -- Detecting CXX compile features
[0.500s] -- Detecting CXX compile features - done
[0.514s] -- Found ament_cmake: 1.3.11 (/opt/ros/humble/share/ament_cmake/cmake)
[0.611s] -- Found Python3: /home/lss/pytorch_env/bin/python3 (found version "3.10.12") found components: Interpreter 
[0.702s] -- Found rclcpp: 16.0.11 (/opt/ros/humble/share/rclcpp/cmake)
[0.768s] -- Found rosidl_generator_c: 3.1.6 (/opt/ros/humble/share/rosidl_generator_c/cmake)
[0.776s] -- Found rosidl_adapter: 3.1.6 (/opt/ros/humble/share/rosidl_adapter/cmake)
[0.786s] -- Found rosidl_generator_cpp: 3.1.6 (/opt/ros/humble/share/rosidl_generator_cpp/cmake)
[0.804s] -- Using all available rosidl_typesupport_c: rosidl_typesupport_fastrtps_c;rosidl_typesupport_introspection_c
[0.822s] -- Using all available rosidl_typesupport_cpp: rosidl_typesupport_fastrtps_cpp;rosidl_typesupport_introspection_cpp
[0.876s] -- Found rmw_implementation_cmake: 6.1.2 (/opt/ros/humble/share/rmw_implementation_cmake/cmake)
[0.880s] -- Found rmw_fastrtps_cpp: 6.2.7 (/opt/ros/humble/share/rmw_fastrtps_cpp/cmake)
[0.949s] -- Found OpenSSL: /usr/lib/x86_64-linux-gnu/libcrypto.so (found version "3.0.2")  
[0.970s] -- Found FastRTPS: /opt/ros/humble/include  
[0.991s] -- Using RMW implementation 'rmw_fastrtps_cpp' as default
[1.004s] -- Looking for pthread.h
[1.057s] -- Looking for pthread.h - found
[1.057s] -- Performing Test CMAKE_HAVE_LIBC_PTHREAD
[1.096s] -- Performing Test CMAKE_HAVE_LIBC_PTHREAD - Success
[1.097s] -- Found Threads: TRUE  
[1.156s] [31mCMake Error at CMakeLists.txt:40 (find_package):
[1.156s]   By not providing "Finddnn_node.cmake" in CMAKE_MODULE_PATH this project has
[1.156s]   asked CMake to find a package configuration file provided by "dnn_node",
[1.156s]   but CMake did not find one.
[1.156s] 
[1.156s]   Could not find a package configuration file provided by "dnn_node" with any
[1.156s]   of the following names:
[1.156s] 
[1.156s]     dnn_nodeConfig.cmake
[1.156s]     dnn_node-config.cmake
[1.156s] 
[1.156s]   Add the installation prefix of "dnn_node" to CMAKE_PREFIX_PATH or set
[1.156s]   "dnn_node_DIR" to a directory containing one of the above files.  If
[1.156s]   "dnn_node" provides a separate development package or SDK, be sure it has
[1.156s]   been installed.
[1.156s] 
[1.156s] -- Configuring incomplete, errors occurred!
[1.156s] See also "/home/lss/dev_ws/build/line_follower_perception/CMakeFiles/CMakeOutput.log".
[1.156s] [0m
[1.161s] Invoked command in '/home/lss/dev_ws/build/line_follower_perception' returned '1': CMAKE_PREFIX_PATH=${CMAKE_PREFIX_PATH}:/home/lss/dev_ws/install/line_follower_model:/home/lss/dev_ws_desktop/install/originbot_viz:/home/lss/dev_ws_desktop/install/originbot_demo:/home/lss/dev_ws_desktop/install/originbot_gazebo_harmonic:/home/lss/dev_ws_desktop/install/originbot_gazebo_fortress:/home/lss/dev_ws_desktop/install/originbot_gazebo:/home/lss/dev_ws_desktop/install/originbot_description:/home/lss/dev_ws_desktop/install/line_follower_model:/opt/ros/humble PS1=(pytorch_env) \[\e]0;\u@\h: \w\a\]${debian_chroot:+($debian_chroot)}\[\033[01;32m\]\u@\h\[\033[00m\]:\[\033[01;34m\]\w\[\033[00m\]\$ VIRTUAL_ENV_PROMPT=(pytorch_env) /usr/bin/cmake /home/lss/dev_ws/src/line_follower/line_follower_perception -DCMAKE_INSTALL_PREFIX=/home/lss/dev_ws/install/line_follower_perception
