[0.367s] Invoking command in '/home/lss/dev_ws/build/line_follower_model': PS1=(pytorch_env) \[\e]0;\u@\h: \w\a\]${debian_chroot:+($debian_chroot)}\[\033[01;32m\]\u@\h\[\033[00m\]:\[\033[01;34m\]\w\[\033[00m\]\$ PYTHONPATH=/home/lss/dev_ws/build/line_follower_model/prefix_override:/usr/lib/python3/dist-packages/colcon_core/task/python/colcon_distutils_commands:/home/lss/dev_ws/install/line_follower_model/lib/python3.10/site-packages:${PYTHONPATH} VIRTUAL_ENV_PROMPT=(pytorch_env) /usr/bin/python3 -W ignore:setup.py install is deprecated -W ignore:easy_install command is deprecated setup.py develop --uninstall --editable --build-directory /home/lss/dev_ws/build/line_follower_model/build
[0.506s] running develop
[0.592s] Removing /home/lss/dev_ws/install/line_follower_model/lib/python3.10/site-packages/line-follower-model.egg-link (link to .)
[0.608s] Invoked command in '/home/lss/dev_ws/build/line_follower_model' returned '0': PS1=(pytorch_env) \[\e]0;\u@\h: \w\a\]${debian_chroot:+($debian_chroot)}\[\033[01;32m\]\u@\h\[\033[00m\]:\[\033[01;34m\]\w\[\033[00m\]\$ PYTHONPATH=/home/lss/dev_ws/build/line_follower_model/prefix_override:/usr/lib/python3/dist-packages/colcon_core/task/python/colcon_distutils_commands:/home/lss/dev_ws/install/line_follower_model/lib/python3.10/site-packages:${PYTHONPATH} VIRTUAL_ENV_PROMPT=(pytorch_env) /usr/bin/python3 -W ignore:setup.py install is deprecated -W ignore:easy_install command is deprecated setup.py develop --uninstall --editable --build-directory /home/lss/dev_ws/build/line_follower_model/build
[0.614s] Invoking command in '/home/lss/dev_ws/src/line_follower/line_follower_model': PS1=(pytorch_env) \[\e]0;\u@\h: \w\a\]${debian_chroot:+($debian_chroot)}\[\033[01;32m\]\u@\h\[\033[00m\]:\[\033[01;34m\]\w\[\033[00m\]\$ PYTHONPATH=/home/lss/dev_ws/build/line_follower_model/prefix_override:/usr/lib/python3/dist-packages/colcon_core/task/python/colcon_distutils_commands:/home/lss/dev_ws/install/line_follower_model/lib/python3.10/site-packages:${PYTHONPATH} VIRTUAL_ENV_PROMPT=(pytorch_env) /usr/bin/python3 -W ignore:setup.py install is deprecated -W ignore:easy_install command is deprecated setup.py egg_info --egg-base ../../../build/line_follower_model build --build-base /home/lss/dev_ws/build/line_follower_model/build install --record /home/lss/dev_ws/build/line_follower_model/install.log --single-version-externally-managed install_data --force
[0.746s] running egg_info
[0.746s] writing ../../../build/line_follower_model/line_follower_model.egg-info/PKG-INFO
[0.747s] writing dependency_links to ../../../build/line_follower_model/line_follower_model.egg-info/dependency_links.txt
[0.747s] writing entry points to ../../../build/line_follower_model/line_follower_model.egg-info/entry_points.txt
[0.747s] writing requirements to ../../../build/line_follower_model/line_follower_model.egg-info/requires.txt
[0.747s] writing top-level names to ../../../build/line_follower_model/line_follower_model.egg-info/top_level.txt
[0.748s] reading manifest file '../../../build/line_follower_model/line_follower_model.egg-info/SOURCES.txt'
[0.749s] writing manifest file '../../../build/line_follower_model/line_follower_model.egg-info/SOURCES.txt'
[0.749s] running build
[0.749s] running build_py
[0.749s] creating /home/lss/dev_ws/build/line_follower_model/build
[0.749s] creating /home/lss/dev_ws/build/line_follower_model/build/lib
[0.749s] creating /home/lss/dev_ws/build/line_follower_model/build/lib/line_follower_model
[0.749s] copying line_follower_model/annotation_member_function.py -> /home/lss/dev_ws/build/line_follower_model/build/lib/line_follower_model
[0.750s] copying line_follower_model/__init__.py -> /home/lss/dev_ws/build/line_follower_model/build/lib/line_follower_model
[0.750s] copying line_follower_model/pic_annotation_member.py -> /home/lss/dev_ws/build/line_follower_model/build/lib/line_follower_model
[0.750s] copying line_follower_model/training_member_function.py -> /home/lss/dev_ws/build/line_follower_model/build/lib/line_follower_model
[0.750s] copying line_follower_model/generate_onnx_member_function.py -> /home/lss/dev_ws/build/line_follower_model/build/lib/line_follower_model
[0.750s] copying line_follower_model/line_follower_model.py -> /home/lss/dev_ws/build/line_follower_model/build/lib/line_follower_model
[0.750s] running install
[0.750s] running install_lib
[0.751s] creating /home/lss/dev_ws/install/line_follower_model/lib/python3.10/site-packages/line_follower_model
[0.751s] copying /home/lss/dev_ws/build/line_follower_model/build/lib/line_follower_model/annotation_member_function.py -> /home/lss/dev_ws/install/line_follower_model/lib/python3.10/site-packages/line_follower_model
[0.751s] copying /home/lss/dev_ws/build/line_follower_model/build/lib/line_follower_model/__init__.py -> /home/lss/dev_ws/install/line_follower_model/lib/python3.10/site-packages/line_follower_model
[0.751s] copying /home/lss/dev_ws/build/line_follower_model/build/lib/line_follower_model/pic_annotation_member.py -> /home/lss/dev_ws/install/line_follower_model/lib/python3.10/site-packages/line_follower_model
[0.751s] copying /home/lss/dev_ws/build/line_follower_model/build/lib/line_follower_model/training_member_function.py -> /home/lss/dev_ws/install/line_follower_model/lib/python3.10/site-packages/line_follower_model
[0.751s] copying /home/lss/dev_ws/build/line_follower_model/build/lib/line_follower_model/generate_onnx_member_function.py -> /home/lss/dev_ws/install/line_follower_model/lib/python3.10/site-packages/line_follower_model
[0.752s] copying /home/lss/dev_ws/build/line_follower_model/build/lib/line_follower_model/line_follower_model.py -> /home/lss/dev_ws/install/line_follower_model/lib/python3.10/site-packages/line_follower_model
[0.752s] byte-compiling /home/lss/dev_ws/install/line_follower_model/lib/python3.10/site-packages/line_follower_model/annotation_member_function.py to annotation_member_function.cpython-310.pyc
[0.753s] byte-compiling /home/lss/dev_ws/install/line_follower_model/lib/python3.10/site-packages/line_follower_model/__init__.py to __init__.cpython-310.pyc
[0.753s] byte-compiling /home/lss/dev_ws/install/line_follower_model/lib/python3.10/site-packages/line_follower_model/pic_annotation_member.py to pic_annotation_member.cpython-310.pyc
[0.754s] byte-compiling /home/lss/dev_ws/install/line_follower_model/lib/python3.10/site-packages/line_follower_model/training_member_function.py to training_member_function.cpython-310.pyc
[0.755s] byte-compiling /home/lss/dev_ws/install/line_follower_model/lib/python3.10/site-packages/line_follower_model/generate_onnx_member_function.py to generate_onnx_member_function.cpython-310.pyc
[0.755s] byte-compiling /home/lss/dev_ws/install/line_follower_model/lib/python3.10/site-packages/line_follower_model/line_follower_model.py to line_follower_model.cpython-310.pyc
[0.756s] running install_data
[0.757s] copying resource/line_follower_model -> /home/lss/dev_ws/install/line_follower_model/share/ament_index/resource_index/packages
[0.758s] copying package.xml -> /home/lss/dev_ws/install/line_follower_model/share/line_follower_model
[0.759s] running install_egg_info
[0.761s] Copying ../../../build/line_follower_model/line_follower_model.egg-info to /home/lss/dev_ws/install/line_follower_model/lib/python3.10/site-packages/line_follower_model-0.0.0-py3.10.egg-info
[0.763s] running install_scripts
[0.778s] Installing annotation script to /home/lss/dev_ws/install/line_follower_model/lib/line_follower_model
[0.779s] Installing generate_onnx script to /home/lss/dev_ws/install/line_follower_model/lib/line_follower_model
[0.779s] Installing line_follower_model script to /home/lss/dev_ws/install/line_follower_model/lib/line_follower_model
[0.779s] Installing pic_annotation script to /home/lss/dev_ws/install/line_follower_model/lib/line_follower_model
[0.779s] Installing training script to /home/lss/dev_ws/install/line_follower_model/lib/line_follower_model
[0.780s] writing list of installed files to '/home/lss/dev_ws/build/line_follower_model/install.log'
[0.793s] Invoked command in '/home/lss/dev_ws/src/line_follower/line_follower_model' returned '0': PS1=(pytorch_env) \[\e]0;\u@\h: \w\a\]${debian_chroot:+($debian_chroot)}\[\033[01;32m\]\u@\h\[\033[00m\]:\[\033[01;34m\]\w\[\033[00m\]\$ PYTHONPATH=/home/lss/dev_ws/build/line_follower_model/prefix_override:/usr/lib/python3/dist-packages/colcon_core/task/python/colcon_distutils_commands:/home/lss/dev_ws/install/line_follower_model/lib/python3.10/site-packages:${PYTHONPATH} VIRTUAL_ENV_PROMPT=(pytorch_env) /usr/bin/python3 -W ignore:setup.py install is deprecated -W ignore:easy_install command is deprecated setup.py egg_info --egg-base ../../../build/line_follower_model build --build-base /home/lss/dev_ws/build/line_follower_model/build install --record /home/lss/dev_ws/build/line_follower_model/install.log --single-version-externally-managed install_data --force
