[0.445s] Invoking command in '/home/lss/dev_ws/build/line_follower_model': PYTHONPATH=/home/lss/dev_ws/build/line_follower_model/prefix_override:/usr/lib/python3/dist-packages/colcon_core/task/python/colcon_distutils_commands:/home/lss/dev_ws/install/line_follower_model/lib/python3.10/site-packages:${PYTHONPATH} /usr/bin/python3 -W ignore:setup.py install is deprecated -W ignore:easy_install command is deprecated setup.py develop --editable --build-directory /home/lss/dev_ws/build/line_follower_model/build --no-deps symlink_data
[0.587s] running develop
[0.667s] running egg_info
[0.667s] creating line_follower_model.egg-info
[0.667s] writing line_follower_model.egg-info/PKG-INFO
[0.667s] writing dependency_links to line_follower_model.egg-info/dependency_links.txt
[0.667s] writing entry points to line_follower_model.egg-info/entry_points.txt
[0.668s] writing requirements to line_follower_model.egg-info/requires.txt
[0.668s] writing top-level names to line_follower_model.egg-info/top_level.txt
[0.668s] writing manifest file 'line_follower_model.egg-info/SOURCES.txt'
[0.669s] reading manifest file 'line_follower_model.egg-info/SOURCES.txt'
[0.669s] writing manifest file 'line_follower_model.egg-info/SOURCES.txt'
[0.670s] running build_ext
[0.671s] Creating /home/lss/dev_ws/install/line_follower_model/lib/python3.10/site-packages/line-follower-model.egg-link (link to .)
[0.671s] Installing annotation script to /home/lss/dev_ws/install/line_follower_model/lib/line_follower_model
[0.671s] Installing generate_onnx script to /home/lss/dev_ws/install/line_follower_model/lib/line_follower_model
[0.671s] Installing line_follower_model script to /home/lss/dev_ws/install/line_follower_model/lib/line_follower_model
[0.672s] Installing pic_annotation script to /home/lss/dev_ws/install/line_follower_model/lib/line_follower_model
[0.672s] Installing training script to /home/lss/dev_ws/install/line_follower_model/lib/line_follower_model
[0.672s] 
[0.672s] Installed /home/lss/dev_ws/build/line_follower_model
[0.672s] running symlink_data
[0.672s] creating /home/lss/dev_ws/install/line_follower_model/share/ament_index
[0.672s] creating /home/lss/dev_ws/install/line_follower_model/share/ament_index/resource_index
[0.672s] creating /home/lss/dev_ws/install/line_follower_model/share/ament_index/resource_index/packages
[0.673s] symbolically linking /home/lss/dev_ws/build/line_follower_model/resource/line_follower_model -> /home/lss/dev_ws/install/line_follower_model/share/ament_index/resource_index/packages
[0.673s] symbolically linking /home/lss/dev_ws/build/line_follower_model/package.xml -> /home/lss/dev_ws/install/line_follower_model/share/line_follower_model
[0.687s] Invoked command in '/home/lss/dev_ws/build/line_follower_model' returned '0': PYTHONPATH=/home/lss/dev_ws/build/line_follower_model/prefix_override:/usr/lib/python3/dist-packages/colcon_core/task/python/colcon_distutils_commands:/home/lss/dev_ws/install/line_follower_model/lib/python3.10/site-packages:${PYTHONPATH} /usr/bin/python3 -W ignore:setup.py install is deprecated -W ignore:easy_install command is deprecated setup.py develop --editable --build-directory /home/lss/dev_ws/build/line_follower_model/build --no-deps symlink_data
