[0.112s] DEBUG:colcon:Command line arguments: ['/usr/bin/colcon', 'build', '--symlink-install', '--packages-select', 'line_follower_model']
[0.112s] DEBUG:colcon:Parsed command line arguments: Namespace(log_base=None, log_level=None, verb_name='build', build_base='build', install_base='install', merge_install=False, symlink_install=True, test_result_base=None, continue_on_error=False, executor='parallel', parallel_workers=2, event_handlers=None, ignore_user_meta=False, metas=['./colcon.meta'], base_paths=['.'], packages_ignore=None, packages_ignore_regex=None, paths=None, packages_up_to=None, packages_up_to_regex=None, packages_above=None, packages_above_and_dependencies=None, packages_above_depth=None, packages_select_by_dep=None, packages_skip_by_dep=None, packages_skip_up_to=None, packages_select_build_failed=False, packages_skip_build_finished=False, packages_select_test_failures=False, packages_skip_test_passed=False, packages_select=['line_follower_model'], packages_skip=None, packages_select_regex=None, packages_skip_regex=None, packages_start=None, packages_end=None, allow_overriding=[], cmake_args=None, cmake_target=None, cmake_target_skip_unavailable=False, cmake_clean_cache=False, cmake_clean_first=False, cmake_force_configure=False, ament_cmake_args=None, catkin_cmake_args=None, catkin_skip_building_tests=False, verb_parser=<colcon_defaults.argument_parser.defaults.DefaultArgumentsDecorator object at 0x7831aae63340>, verb_extension=<colcon_core.verb.build.BuildVerb object at 0x7831aafac760>, main=<bound method BuildVerb.main of <colcon_core.verb.build.BuildVerb object at 0x7831aafac760>>)
[0.255s] Level 1:colcon.colcon_core.package_discovery:discover_packages(colcon_meta) check parameters
[0.256s] Level 1:colcon.colcon_core.package_discovery:discover_packages(recursive) check parameters
[0.256s] Level 1:colcon.colcon_core.package_discovery:discover_packages(ignore) check parameters
[0.256s] Level 1:colcon.colcon_core.package_discovery:discover_packages(path) check parameters
[0.256s] Level 1:colcon.colcon_core.package_discovery:discover_packages(colcon_meta) discover
[0.256s] Level 1:colcon.colcon_core.package_discovery:discover_packages(recursive) discover
[0.256s] INFO:colcon.colcon_core.package_discovery:Crawling recursively for packages in '/home/lss/dev_ws'
[0.256s] Level 1:colcon.colcon_core.package_identification:_identify(.) by extensions ['ignore', 'ignore_ament_install']
[0.256s] Level 1:colcon.colcon_core.package_identification:_identify(.) by extension 'ignore'
[0.256s] Level 1:colcon.colcon_core.package_identification:_identify(.) by extension 'ignore_ament_install'
[0.256s] Level 1:colcon.colcon_core.package_identification:_identify(.) by extensions ['colcon_pkg']
[0.256s] Level 1:colcon.colcon_core.package_identification:_identify(.) by extension 'colcon_pkg'
[0.256s] Level 1:colcon.colcon_core.package_identification:_identify(.) by extensions ['colcon_meta']
[0.256s] Level 1:colcon.colcon_core.package_identification:_identify(.) by extension 'colcon_meta'
[0.256s] Level 1:colcon.colcon_core.package_identification:_identify(.) by extensions ['ros']
[0.256s] Level 1:colcon.colcon_core.package_identification:_identify(.) by extension 'ros'
[0.276s] Level 1:colcon.colcon_core.package_identification:_identify(.) by extensions ['cmake', 'python']
[0.276s] Level 1:colcon.colcon_core.package_identification:_identify(.) by extension 'cmake'
[0.276s] Level 1:colcon.colcon_core.package_identification:_identify(.) by extension 'python'
[0.276s] Level 1:colcon.colcon_core.package_identification:_identify(.) by extensions ['python_setup_py']
[0.276s] Level 1:colcon.colcon_core.package_identification:_identify(.) by extension 'python_setup_py'
[0.276s] Level 1:colcon.colcon_core.package_identification:_identify(build) by extensions ['ignore', 'ignore_ament_install']
[0.276s] Level 1:colcon.colcon_core.package_identification:_identify(build) by extension 'ignore'
[0.276s] Level 1:colcon.colcon_core.package_identification:_identify(build) ignored
[0.277s] Level 1:colcon.colcon_core.package_identification:_identify(image_dataset) by extensions ['ignore', 'ignore_ament_install']
[0.277s] Level 1:colcon.colcon_core.package_identification:_identify(image_dataset) by extension 'ignore'
[0.277s] Level 1:colcon.colcon_core.package_identification:_identify(image_dataset) by extension 'ignore_ament_install'
[0.277s] Level 1:colcon.colcon_core.package_identification:_identify(image_dataset) by extensions ['colcon_pkg']
[0.277s] Level 1:colcon.colcon_core.package_identification:_identify(image_dataset) by extension 'colcon_pkg'
[0.277s] Level 1:colcon.colcon_core.package_identification:_identify(image_dataset) by extensions ['colcon_meta']
[0.277s] Level 1:colcon.colcon_core.package_identification:_identify(image_dataset) by extension 'colcon_meta'
[0.277s] Level 1:colcon.colcon_core.package_identification:_identify(image_dataset) by extensions ['ros']
[0.277s] Level 1:colcon.colcon_core.package_identification:_identify(image_dataset) by extension 'ros'
[0.277s] Level 1:colcon.colcon_core.package_identification:_identify(image_dataset) by extensions ['cmake', 'python']
[0.277s] Level 1:colcon.colcon_core.package_identification:_identify(image_dataset) by extension 'cmake'
[0.277s] Level 1:colcon.colcon_core.package_identification:_identify(image_dataset) by extension 'python'
[0.277s] Level 1:colcon.colcon_core.package_identification:_identify(image_dataset) by extensions ['python_setup_py']
[0.277s] Level 1:colcon.colcon_core.package_identification:_identify(image_dataset) by extension 'python_setup_py'
[0.277s] Level 1:colcon.colcon_core.package_identification:_identify(install) by extensions ['ignore', 'ignore_ament_install']
[0.277s] Level 1:colcon.colcon_core.package_identification:_identify(install) by extension 'ignore'
[0.277s] Level 1:colcon.colcon_core.package_identification:_identify(install) ignored
[0.277s] Level 1:colcon.colcon_core.package_identification:_identify(log) by extensions ['ignore', 'ignore_ament_install']
[0.277s] Level 1:colcon.colcon_core.package_identification:_identify(log) by extension 'ignore'
[0.277s] Level 1:colcon.colcon_core.package_identification:_identify(log) ignored
[0.277s] Level 1:colcon.colcon_core.package_identification:_identify(src) by extensions ['ignore', 'ignore_ament_install']
[0.277s] Level 1:colcon.colcon_core.package_identification:_identify(src) by extension 'ignore'
[0.277s] Level 1:colcon.colcon_core.package_identification:_identify(src) by extension 'ignore_ament_install'
[0.277s] Level 1:colcon.colcon_core.package_identification:_identify(src) by extensions ['colcon_pkg']
[0.277s] Level 1:colcon.colcon_core.package_identification:_identify(src) by extension 'colcon_pkg'
[0.277s] Level 1:colcon.colcon_core.package_identification:_identify(src) by extensions ['colcon_meta']
[0.277s] Level 1:colcon.colcon_core.package_identification:_identify(src) by extension 'colcon_meta'
[0.277s] Level 1:colcon.colcon_core.package_identification:_identify(src) by extensions ['ros']
[0.277s] Level 1:colcon.colcon_core.package_identification:_identify(src) by extension 'ros'
[0.277s] Level 1:colcon.colcon_core.package_identification:_identify(src) by extensions ['cmake', 'python']
[0.277s] Level 1:colcon.colcon_core.package_identification:_identify(src) by extension 'cmake'
[0.277s] Level 1:colcon.colcon_core.package_identification:_identify(src) by extension 'python'
[0.277s] Level 1:colcon.colcon_core.package_identification:_identify(src) by extensions ['python_setup_py']
[0.277s] Level 1:colcon.colcon_core.package_identification:_identify(src) by extension 'python_setup_py'
[0.277s] Level 1:colcon.colcon_core.package_identification:_identify(src/line_follower) by extensions ['ignore', 'ignore_ament_install']
[0.277s] Level 1:colcon.colcon_core.package_identification:_identify(src/line_follower) by extension 'ignore'
[0.278s] Level 1:colcon.colcon_core.package_identification:_identify(src/line_follower) by extension 'ignore_ament_install'
[0.278s] Level 1:colcon.colcon_core.package_identification:_identify(src/line_follower) by extensions ['colcon_pkg']
[0.278s] Level 1:colcon.colcon_core.package_identification:_identify(src/line_follower) by extension 'colcon_pkg'
[0.278s] Level 1:colcon.colcon_core.package_identification:_identify(src/line_follower) by extensions ['colcon_meta']
[0.278s] Level 1:colcon.colcon_core.package_identification:_identify(src/line_follower) by extension 'colcon_meta'
[0.278s] Level 1:colcon.colcon_core.package_identification:_identify(src/line_follower) by extensions ['ros']
[0.278s] Level 1:colcon.colcon_core.package_identification:_identify(src/line_follower) by extension 'ros'
[0.278s] Level 1:colcon.colcon_core.package_identification:_identify(src/line_follower) by extensions ['cmake', 'python']
[0.278s] Level 1:colcon.colcon_core.package_identification:_identify(src/line_follower) by extension 'cmake'
[0.278s] Level 1:colcon.colcon_core.package_identification:_identify(src/line_follower) by extension 'python'
[0.278s] Level 1:colcon.colcon_core.package_identification:_identify(src/line_follower) by extensions ['python_setup_py']
[0.278s] Level 1:colcon.colcon_core.package_identification:_identify(src/line_follower) by extension 'python_setup_py'
[0.278s] Level 1:colcon.colcon_core.package_identification:_identify(src/line_follower/10_model_convert) by extensions ['ignore', 'ignore_ament_install']
[0.278s] Level 1:colcon.colcon_core.package_identification:_identify(src/line_follower/10_model_convert) by extension 'ignore'
[0.278s] Level 1:colcon.colcon_core.package_identification:_identify(src/line_follower/10_model_convert) by extension 'ignore_ament_install'
[0.278s] Level 1:colcon.colcon_core.package_identification:_identify(src/line_follower/10_model_convert) by extensions ['colcon_pkg']
[0.278s] Level 1:colcon.colcon_core.package_identification:_identify(src/line_follower/10_model_convert) by extension 'colcon_pkg'
[0.278s] Level 1:colcon.colcon_core.package_identification:_identify(src/line_follower/10_model_convert) by extensions ['colcon_meta']
[0.278s] Level 1:colcon.colcon_core.package_identification:_identify(src/line_follower/10_model_convert) by extension 'colcon_meta'
[0.278s] Level 1:colcon.colcon_core.package_identification:_identify(src/line_follower/10_model_convert) by extensions ['ros']
[0.278s] Level 1:colcon.colcon_core.package_identification:_identify(src/line_follower/10_model_convert) by extension 'ros'
[0.278s] Level 1:colcon.colcon_core.package_identification:_identify(src/line_follower/10_model_convert) by extensions ['cmake', 'python']
[0.278s] Level 1:colcon.colcon_core.package_identification:_identify(src/line_follower/10_model_convert) by extension 'cmake'
[0.278s] Level 1:colcon.colcon_core.package_identification:_identify(src/line_follower/10_model_convert) by extension 'python'
[0.278s] Level 1:colcon.colcon_core.package_identification:_identify(src/line_follower/10_model_convert) by extensions ['python_setup_py']
[0.278s] Level 1:colcon.colcon_core.package_identification:_identify(src/line_follower/10_model_convert) by extension 'python_setup_py'
[0.279s] Level 1:colcon.colcon_core.package_identification:_identify(src/line_follower/10_model_convert/mapper) by extensions ['ignore', 'ignore_ament_install']
[0.279s] Level 1:colcon.colcon_core.package_identification:_identify(src/line_follower/10_model_convert/mapper) by extension 'ignore'
[0.279s] Level 1:colcon.colcon_core.package_identification:_identify(src/line_follower/10_model_convert/mapper) by extension 'ignore_ament_install'
[0.279s] Level 1:colcon.colcon_core.package_identification:_identify(src/line_follower/10_model_convert/mapper) by extensions ['colcon_pkg']
[0.279s] Level 1:colcon.colcon_core.package_identification:_identify(src/line_follower/10_model_convert/mapper) by extension 'colcon_pkg'
[0.279s] Level 1:colcon.colcon_core.package_identification:_identify(src/line_follower/10_model_convert/mapper) by extensions ['colcon_meta']
[0.279s] Level 1:colcon.colcon_core.package_identification:_identify(src/line_follower/10_model_convert/mapper) by extension 'colcon_meta'
[0.279s] Level 1:colcon.colcon_core.package_identification:_identify(src/line_follower/10_model_convert/mapper) by extensions ['ros']
[0.279s] Level 1:colcon.colcon_core.package_identification:_identify(src/line_follower/10_model_convert/mapper) by extension 'ros'
[0.279s] Level 1:colcon.colcon_core.package_identification:_identify(src/line_follower/10_model_convert/mapper) by extensions ['cmake', 'python']
[0.279s] Level 1:colcon.colcon_core.package_identification:_identify(src/line_follower/10_model_convert/mapper) by extension 'cmake'
[0.279s] Level 1:colcon.colcon_core.package_identification:_identify(src/line_follower/10_model_convert/mapper) by extension 'python'
[0.279s] Level 1:colcon.colcon_core.package_identification:_identify(src/line_follower/10_model_convert/mapper) by extensions ['python_setup_py']
[0.279s] Level 1:colcon.colcon_core.package_identification:_identify(src/line_follower/10_model_convert/mapper) by extension 'python_setup_py'
[0.280s] Level 1:colcon.colcon_core.package_identification:_identify(src/line_follower/10_model_convert/mapper/image_dataset) by extensions ['ignore', 'ignore_ament_install']
[0.280s] Level 1:colcon.colcon_core.package_identification:_identify(src/line_follower/10_model_convert/mapper/image_dataset) by extension 'ignore'
[0.280s] Level 1:colcon.colcon_core.package_identification:_identify(src/line_follower/10_model_convert/mapper/image_dataset) by extension 'ignore_ament_install'
[0.280s] Level 1:colcon.colcon_core.package_identification:_identify(src/line_follower/10_model_convert/mapper/image_dataset) by extensions ['colcon_pkg']
[0.280s] Level 1:colcon.colcon_core.package_identification:_identify(src/line_follower/10_model_convert/mapper/image_dataset) by extension 'colcon_pkg'
[0.280s] Level 1:colcon.colcon_core.package_identification:_identify(src/line_follower/10_model_convert/mapper/image_dataset) by extensions ['colcon_meta']
[0.280s] Level 1:colcon.colcon_core.package_identification:_identify(src/line_follower/10_model_convert/mapper/image_dataset) by extension 'colcon_meta'
[0.280s] Level 1:colcon.colcon_core.package_identification:_identify(src/line_follower/10_model_convert/mapper/image_dataset) by extensions ['ros']
[0.280s] Level 1:colcon.colcon_core.package_identification:_identify(src/line_follower/10_model_convert/mapper/image_dataset) by extension 'ros'
[0.281s] Level 1:colcon.colcon_core.package_identification:_identify(src/line_follower/10_model_convert/mapper/image_dataset) by extensions ['cmake', 'python']
[0.281s] Level 1:colcon.colcon_core.package_identification:_identify(src/line_follower/10_model_convert/mapper/image_dataset) by extension 'cmake'
[0.281s] Level 1:colcon.colcon_core.package_identification:_identify(src/line_follower/10_model_convert/mapper/image_dataset) by extension 'python'
[0.281s] Level 1:colcon.colcon_core.package_identification:_identify(src/line_follower/10_model_convert/mapper/image_dataset) by extensions ['python_setup_py']
[0.281s] Level 1:colcon.colcon_core.package_identification:_identify(src/line_follower/10_model_convert/mapper/image_dataset) by extension 'python_setup_py'
[0.281s] Level 1:colcon.colcon_core.package_identification:_identify(src/line_follower/Doc) by extensions ['ignore', 'ignore_ament_install']
[0.281s] Level 1:colcon.colcon_core.package_identification:_identify(src/line_follower/Doc) by extension 'ignore'
[0.281s] Level 1:colcon.colcon_core.package_identification:_identify(src/line_follower/Doc) by extension 'ignore_ament_install'
[0.281s] Level 1:colcon.colcon_core.package_identification:_identify(src/line_follower/Doc) by extensions ['colcon_pkg']
[0.281s] Level 1:colcon.colcon_core.package_identification:_identify(src/line_follower/Doc) by extension 'colcon_pkg'
[0.281s] Level 1:colcon.colcon_core.package_identification:_identify(src/line_follower/Doc) by extensions ['colcon_meta']
[0.281s] Level 1:colcon.colcon_core.package_identification:_identify(src/line_follower/Doc) by extension 'colcon_meta'
[0.281s] Level 1:colcon.colcon_core.package_identification:_identify(src/line_follower/Doc) by extensions ['ros']
[0.281s] Level 1:colcon.colcon_core.package_identification:_identify(src/line_follower/Doc) by extension 'ros'
[0.281s] Level 1:colcon.colcon_core.package_identification:_identify(src/line_follower/Doc) by extensions ['cmake', 'python']
[0.281s] Level 1:colcon.colcon_core.package_identification:_identify(src/line_follower/Doc) by extension 'cmake'
[0.281s] Level 1:colcon.colcon_core.package_identification:_identify(src/line_follower/Doc) by extension 'python'
[0.281s] Level 1:colcon.colcon_core.package_identification:_identify(src/line_follower/Doc) by extensions ['python_setup_py']
[0.281s] Level 1:colcon.colcon_core.package_identification:_identify(src/line_follower/Doc) by extension 'python_setup_py'
[0.281s] Level 1:colcon.colcon_core.package_identification:_identify(src/line_follower/Doc/assets) by extensions ['ignore', 'ignore_ament_install']
[0.281s] Level 1:colcon.colcon_core.package_identification:_identify(src/line_follower/Doc/assets) by extension 'ignore'
[0.281s] Level 1:colcon.colcon_core.package_identification:_identify(src/line_follower/Doc/assets) by extension 'ignore_ament_install'
[0.281s] Level 1:colcon.colcon_core.package_identification:_identify(src/line_follower/Doc/assets) by extensions ['colcon_pkg']
[0.281s] Level 1:colcon.colcon_core.package_identification:_identify(src/line_follower/Doc/assets) by extension 'colcon_pkg'
[0.281s] Level 1:colcon.colcon_core.package_identification:_identify(src/line_follower/Doc/assets) by extensions ['colcon_meta']
[0.281s] Level 1:colcon.colcon_core.package_identification:_identify(src/line_follower/Doc/assets) by extension 'colcon_meta'
[0.281s] Level 1:colcon.colcon_core.package_identification:_identify(src/line_follower/Doc/assets) by extensions ['ros']
[0.281s] Level 1:colcon.colcon_core.package_identification:_identify(src/line_follower/Doc/assets) by extension 'ros'
[0.281s] Level 1:colcon.colcon_core.package_identification:_identify(src/line_follower/Doc/assets) by extensions ['cmake', 'python']
[0.281s] Level 1:colcon.colcon_core.package_identification:_identify(src/line_follower/Doc/assets) by extension 'cmake'
[0.281s] Level 1:colcon.colcon_core.package_identification:_identify(src/line_follower/Doc/assets) by extension 'python'
[0.281s] Level 1:colcon.colcon_core.package_identification:_identify(src/line_follower/Doc/assets) by extensions ['python_setup_py']
[0.281s] Level 1:colcon.colcon_core.package_identification:_identify(src/line_follower/Doc/assets) by extension 'python_setup_py'
[0.281s] Level 1:colcon.colcon_core.package_identification:_identify(src/line_follower/imgs) by extensions ['ignore', 'ignore_ament_install']
[0.281s] Level 1:colcon.colcon_core.package_identification:_identify(src/line_follower/imgs) by extension 'ignore'
[0.281s] Level 1:colcon.colcon_core.package_identification:_identify(src/line_follower/imgs) by extension 'ignore_ament_install'
[0.281s] Level 1:colcon.colcon_core.package_identification:_identify(src/line_follower/imgs) by extensions ['colcon_pkg']
[0.281s] Level 1:colcon.colcon_core.package_identification:_identify(src/line_follower/imgs) by extension 'colcon_pkg'
[0.281s] Level 1:colcon.colcon_core.package_identification:_identify(src/line_follower/imgs) by extensions ['colcon_meta']
[0.281s] Level 1:colcon.colcon_core.package_identification:_identify(src/line_follower/imgs) by extension 'colcon_meta'
[0.281s] Level 1:colcon.colcon_core.package_identification:_identify(src/line_follower/imgs) by extensions ['ros']
[0.281s] Level 1:colcon.colcon_core.package_identification:_identify(src/line_follower/imgs) by extension 'ros'
[0.281s] Level 1:colcon.colcon_core.package_identification:_identify(src/line_follower/imgs) by extensions ['cmake', 'python']
[0.281s] Level 1:colcon.colcon_core.package_identification:_identify(src/line_follower/imgs) by extension 'cmake'
[0.281s] Level 1:colcon.colcon_core.package_identification:_identify(src/line_follower/imgs) by extension 'python'
[0.281s] Level 1:colcon.colcon_core.package_identification:_identify(src/line_follower/imgs) by extensions ['python_setup_py']
[0.281s] Level 1:colcon.colcon_core.package_identification:_identify(src/line_follower/imgs) by extension 'python_setup_py'
[0.282s] Level 1:colcon.colcon_core.package_identification:_identify(src/line_follower/line_follower_model) by extensions ['ignore', 'ignore_ament_install']
[0.282s] Level 1:colcon.colcon_core.package_identification:_identify(src/line_follower/line_follower_model) by extension 'ignore'
[0.282s] Level 1:colcon.colcon_core.package_identification:_identify(src/line_follower/line_follower_model) by extension 'ignore_ament_install'
[0.282s] Level 1:colcon.colcon_core.package_identification:_identify(src/line_follower/line_follower_model) by extensions ['colcon_pkg']
[0.282s] Level 1:colcon.colcon_core.package_identification:_identify(src/line_follower/line_follower_model) by extension 'colcon_pkg'
[0.282s] Level 1:colcon.colcon_core.package_identification:_identify(src/line_follower/line_follower_model) by extensions ['colcon_meta']
[0.282s] Level 1:colcon.colcon_core.package_identification:_identify(src/line_follower/line_follower_model) by extension 'colcon_meta'
[0.282s] Level 1:colcon.colcon_core.package_identification:_identify(src/line_follower/line_follower_model) by extensions ['ros']
[0.282s] Level 1:colcon.colcon_core.package_identification:_identify(src/line_follower/line_follower_model) by extension 'ros'
[0.284s] DEBUG:colcon.colcon_core.package_identification:Package 'src/line_follower/line_follower_model' with type 'ros.ament_python' and name 'line_follower_model'
[0.285s] Level 1:colcon.colcon_core.package_identification:_identify(src/line_follower/line_follower_perception) by extensions ['ignore', 'ignore_ament_install']
[0.285s] Level 1:colcon.colcon_core.package_identification:_identify(src/line_follower/line_follower_perception) by extension 'ignore'
[0.285s] Level 1:colcon.colcon_core.package_identification:_identify(src/line_follower/line_follower_perception) by extension 'ignore_ament_install'
[0.285s] Level 1:colcon.colcon_core.package_identification:_identify(src/line_follower/line_follower_perception) by extensions ['colcon_pkg']
[0.285s] Level 1:colcon.colcon_core.package_identification:_identify(src/line_follower/line_follower_perception) by extension 'colcon_pkg'
[0.285s] Level 1:colcon.colcon_core.package_identification:_identify(src/line_follower/line_follower_perception) by extensions ['colcon_meta']
[0.285s] Level 1:colcon.colcon_core.package_identification:_identify(src/line_follower/line_follower_perception) by extension 'colcon_meta'
[0.285s] Level 1:colcon.colcon_core.package_identification:_identify(src/line_follower/line_follower_perception) by extensions ['ros']
[0.285s] Level 1:colcon.colcon_core.package_identification:_identify(src/line_follower/line_follower_perception) by extension 'ros'
[0.285s] DEBUG:colcon.colcon_core.package_identification:Package 'src/line_follower/line_follower_perception' with type 'ros.ament_cmake' and name 'line_follower_perception'
[0.285s] Level 1:colcon.colcon_core.package_discovery:discover_packages(recursive) using defaults
[0.285s] Level 1:colcon.colcon_core.package_discovery:discover_packages(ignore) discover
[0.285s] Level 1:colcon.colcon_core.package_discovery:discover_packages(ignore) using defaults
[0.285s] Level 1:colcon.colcon_core.package_discovery:discover_packages(path) discover
[0.285s] Level 1:colcon.colcon_core.package_discovery:discover_packages(path) using defaults
[0.305s] INFO:colcon.colcon_core.package_selection:Skipping not selected package 'line_follower_perception' in 'src/line_follower/line_follower_perception'
[0.305s] Level 1:colcon.colcon_core.package_discovery:discover_packages(prefix_path) check parameters
[0.305s] Level 1:colcon.colcon_core.package_discovery:discover_packages(prefix_path) discover
[0.308s] DEBUG:colcon.colcon_installed_package_information.package_discovery:Found 12 installed packages in /home/lss/dev_ws_desktop/install
[0.308s] DEBUG:colcon.colcon_installed_package_information.package_discovery:Found 2 installed packages in /home/lss/dev_ws/install
[0.309s] DEBUG:colcon.colcon_installed_package_information.package_discovery:Found 354 installed packages in /opt/ros/humble
[0.310s] Level 1:colcon.colcon_core.package_discovery:discover_packages(prefix_path) using defaults
[0.340s] Level 5:colcon.colcon_core.verb:set package 'line_follower_model' build argument 'cmake_args' from command line to 'None'
[0.340s] Level 5:colcon.colcon_core.verb:set package 'line_follower_model' build argument 'cmake_target' from command line to 'None'
[0.340s] Level 5:colcon.colcon_core.verb:set package 'line_follower_model' build argument 'cmake_target_skip_unavailable' from command line to 'False'
[0.340s] Level 5:colcon.colcon_core.verb:set package 'line_follower_model' build argument 'cmake_clean_cache' from command line to 'False'
[0.340s] Level 5:colcon.colcon_core.verb:set package 'line_follower_model' build argument 'cmake_clean_first' from command line to 'False'
[0.340s] Level 5:colcon.colcon_core.verb:set package 'line_follower_model' build argument 'cmake_force_configure' from command line to 'False'
[0.340s] Level 5:colcon.colcon_core.verb:set package 'line_follower_model' build argument 'ament_cmake_args' from command line to 'None'
[0.340s] Level 5:colcon.colcon_core.verb:set package 'line_follower_model' build argument 'catkin_cmake_args' from command line to 'None'
[0.340s] Level 5:colcon.colcon_core.verb:set package 'line_follower_model' build argument 'catkin_skip_building_tests' from command line to 'False'
[0.340s] DEBUG:colcon.colcon_core.verb:Building package 'line_follower_model' with the following arguments: {'ament_cmake_args': None, 'build_base': '/home/lss/dev_ws/build/line_follower_model', 'catkin_cmake_args': None, 'catkin_skip_building_tests': False, 'cmake_args': None, 'cmake_clean_cache': False, 'cmake_clean_first': False, 'cmake_force_configure': False, 'cmake_target': None, 'cmake_target_skip_unavailable': False, 'install_base': '/home/lss/dev_ws/install/line_follower_model', 'merge_install': False, 'path': '/home/lss/dev_ws/src/line_follower/line_follower_model', 'symlink_install': True, 'test_result_base': None}
[0.340s] INFO:colcon.colcon_core.executor:Executing jobs using 'parallel' executor
[0.341s] DEBUG:colcon.colcon_parallel_executor.executor.parallel:run_until_complete
[0.341s] INFO:colcon.colcon_ros.task.ament_python.build:Building ROS package in '/home/lss/dev_ws/src/line_follower/line_follower_model' with build type 'ament_python'
[0.341s] Level 1:colcon.colcon_core.shell:create_environment_hook('line_follower_model', 'ament_prefix_path')
[0.344s] INFO:colcon.colcon_core.plugin_system:Skipping extension 'colcon_core.shell.bat': Not used on non-Windows systems
[0.344s] INFO:colcon.colcon_core.shell:Creating environment hook '/home/lss/dev_ws/install/line_follower_model/share/line_follower_model/hook/ament_prefix_path.ps1'
[0.344s] INFO:colcon.colcon_core.shell:Creating environment descriptor '/home/lss/dev_ws/install/line_follower_model/share/line_follower_model/hook/ament_prefix_path.dsv'
[0.345s] INFO:colcon.colcon_core.shell:Creating environment hook '/home/lss/dev_ws/install/line_follower_model/share/line_follower_model/hook/ament_prefix_path.sh'
[0.346s] INFO:colcon.colcon_core.shell:Skip shell extension 'powershell' for command environment: Not usable outside of PowerShell
[0.346s] DEBUG:colcon.colcon_core.shell:Skip shell extension 'dsv' for command environment
[0.504s] INFO:colcon.colcon_core.task.python.build:Building Python package in '/home/lss/dev_ws/src/line_follower/line_follower_model'
[0.505s] INFO:colcon.colcon_core.shell:Skip shell extension 'powershell' for command environment: Not usable outside of PowerShell
[0.505s] DEBUG:colcon.colcon_core.shell:Skip shell extension 'dsv' for command environment
[0.743s] DEBUG:colcon.colcon_core.event_handler.log_command:Invoking command in '/home/lss/dev_ws/build/line_follower_model': PYTHONPATH=/home/lss/dev_ws/build/line_follower_model/prefix_override:/usr/lib/python3/dist-packages/colcon_core/task/python/colcon_distutils_commands:/home/lss/dev_ws/install/line_follower_model/lib/python3.10/site-packages:${PYTHONPATH} /usr/bin/python3 -W ignore:setup.py install is deprecated -W ignore:easy_install command is deprecated setup.py develop --editable --build-directory /home/lss/dev_ws/build/line_follower_model/build --no-deps symlink_data
[1.011s] Level 1:colcon.colcon_core.shell:create_environment_hook('line_follower_model', 'pythonpath_develop')
[1.011s] INFO:colcon.colcon_core.shell:Creating environment hook '/home/lss/dev_ws/build/line_follower_model/share/line_follower_model/hook/pythonpath_develop.ps1'
[1.012s] DEBUG:colcon.colcon_core.event_handler.log_command:Invoked command in '/home/lss/dev_ws/build/line_follower_model' returned '0': PYTHONPATH=/home/lss/dev_ws/build/line_follower_model/prefix_override:/usr/lib/python3/dist-packages/colcon_core/task/python/colcon_distutils_commands:/home/lss/dev_ws/install/line_follower_model/lib/python3.10/site-packages:${PYTHONPATH} /usr/bin/python3 -W ignore:setup.py install is deprecated -W ignore:easy_install command is deprecated setup.py develop --editable --build-directory /home/lss/dev_ws/build/line_follower_model/build --no-deps symlink_data
[1.013s] INFO:colcon.colcon_core.shell:Creating environment descriptor '/home/lss/dev_ws/build/line_follower_model/share/line_follower_model/hook/pythonpath_develop.dsv'
[1.013s] INFO:colcon.colcon_core.shell:Creating environment hook '/home/lss/dev_ws/build/line_follower_model/share/line_follower_model/hook/pythonpath_develop.sh'
[1.015s] Level 1:colcon.colcon_core.environment:checking '/home/lss/dev_ws/install/line_follower_model' for CMake module files
[1.015s] Level 1:colcon.colcon_core.environment:checking '/home/lss/dev_ws/install/line_follower_model' for CMake config files
[1.016s] Level 1:colcon.colcon_core.environment:checking '/home/lss/dev_ws/install/line_follower_model/lib'
[1.016s] Level 1:colcon.colcon_core.environment:checking '/home/lss/dev_ws/install/line_follower_model/bin'
[1.016s] Level 1:colcon.colcon_core.environment:checking '/home/lss/dev_ws/install/line_follower_model/lib/pkgconfig/line_follower_model.pc'
[1.016s] Level 1:colcon.colcon_core.environment:checking '/home/lss/dev_ws/install/line_follower_model/lib/python3.10/site-packages'
[1.016s] Level 1:colcon.colcon_core.shell:create_environment_hook('line_follower_model', 'pythonpath')
[1.016s] INFO:colcon.colcon_core.shell:Creating environment hook '/home/lss/dev_ws/install/line_follower_model/share/line_follower_model/hook/pythonpath.ps1'
[1.016s] INFO:colcon.colcon_core.shell:Creating environment descriptor '/home/lss/dev_ws/install/line_follower_model/share/line_follower_model/hook/pythonpath.dsv'
[1.017s] INFO:colcon.colcon_core.shell:Creating environment hook '/home/lss/dev_ws/install/line_follower_model/share/line_follower_model/hook/pythonpath.sh'
[1.017s] Level 1:colcon.colcon_core.environment:checking '/home/lss/dev_ws/install/line_follower_model/bin'
[1.017s] Level 1:colcon.colcon_core.environment:create_environment_scripts_only(line_follower_model)
[1.017s] INFO:colcon.colcon_core.shell:Creating package script '/home/lss/dev_ws/install/line_follower_model/share/line_follower_model/package.ps1'
[1.018s] INFO:colcon.colcon_core.shell:Creating package descriptor '/home/lss/dev_ws/install/line_follower_model/share/line_follower_model/package.dsv'
[1.019s] INFO:colcon.colcon_core.shell:Creating package script '/home/lss/dev_ws/install/line_follower_model/share/line_follower_model/package.sh'
[1.020s] INFO:colcon.colcon_core.shell:Creating package script '/home/lss/dev_ws/install/line_follower_model/share/line_follower_model/package.bash'
[1.020s] INFO:colcon.colcon_core.shell:Creating package script '/home/lss/dev_ws/install/line_follower_model/share/line_follower_model/package.zsh'
[1.021s] Level 1:colcon.colcon_core.environment:create_file_with_runtime_dependencies(/home/lss/dev_ws/install/line_follower_model/share/colcon-core/packages/line_follower_model)
[1.021s] DEBUG:colcon.colcon_parallel_executor.executor.parallel:closing loop
[1.021s] DEBUG:colcon.colcon_parallel_executor.executor.parallel:loop closed
[1.021s] DEBUG:colcon.colcon_parallel_executor.executor.parallel:run_until_complete finished with '0'
[1.021s] DEBUG:colcon.colcon_core.event_reactor:joining thread
[1.027s] INFO:colcon.colcon_core.plugin_system:Skipping extension 'colcon_notification.desktop_notification.terminal_notifier': Not used on non-Darwin systems
[1.027s] INFO:colcon.colcon_core.plugin_system:Skipping extension 'colcon_notification.desktop_notification.win32': Not used on non-Windows systems
[1.027s] INFO:colcon.colcon_notification.desktop_notification:Sending desktop notification using 'notify2'
[1.044s] DEBUG:colcon.colcon_core.event_reactor:joined thread
[1.044s] INFO:colcon.colcon_core.shell:Creating prefix script '/home/lss/dev_ws/install/local_setup.ps1'
[1.045s] INFO:colcon.colcon_core.shell:Creating prefix util module '/home/lss/dev_ws/install/_local_setup_util_ps1.py'
[1.047s] INFO:colcon.colcon_core.shell:Creating prefix chain script '/home/lss/dev_ws/install/setup.ps1'
[1.048s] INFO:colcon.colcon_core.shell:Creating prefix script '/home/lss/dev_ws/install/local_setup.sh'
[1.048s] INFO:colcon.colcon_core.shell:Creating prefix util module '/home/lss/dev_ws/install/_local_setup_util_sh.py'
[1.048s] INFO:colcon.colcon_core.shell:Creating prefix chain script '/home/lss/dev_ws/install/setup.sh'
[1.049s] INFO:colcon.colcon_core.shell:Creating prefix script '/home/lss/dev_ws/install/local_setup.bash'
[1.050s] INFO:colcon.colcon_core.shell:Creating prefix chain script '/home/lss/dev_ws/install/setup.bash'
[1.051s] INFO:colcon.colcon_core.shell:Creating prefix script '/home/lss/dev_ws/install/local_setup.zsh'
[1.052s] INFO:colcon.colcon_core.shell:Creating prefix chain script '/home/lss/dev_ws/install/setup.zsh'
