[0.073s] DEBUG:colcon:Command line arguments: ['/usr/bin/colcon', 'build', '--packages-select', 'line_follower_model']
[0.073s] DEBUG:colcon:Parsed command line arguments: Namespace(log_base=None, log_level=None, verb_name='build', build_base='build', install_base='install', merge_install=False, symlink_install=False, test_result_base=None, continue_on_error=False, executor='parallel', parallel_workers=2, event_handlers=None, ignore_user_meta=False, metas=['./colcon.meta'], base_paths=['.'], packages_ignore=None, packages_ignore_regex=None, paths=None, packages_up_to=None, packages_up_to_regex=None, packages_above=None, packages_above_and_dependencies=None, packages_above_depth=None, packages_select_by_dep=None, packages_skip_by_dep=None, packages_skip_up_to=None, packages_select_build_failed=False, packages_skip_build_finished=False, packages_select_test_failures=False, packages_skip_test_passed=False, packages_select=['line_follower_model'], packages_skip=None, packages_select_regex=None, packages_skip_regex=None, packages_start=None, packages_end=None, allow_overriding=[], cmake_args=None, cmake_target=None, cmake_target_skip_unavailable=False, cmake_clean_cache=False, cmake_clean_first=False, cmake_force_configure=False, ament_cmake_args=None, catkin_cmake_args=None, catkin_skip_building_tests=False, verb_parser=<colcon_defaults.argument_parser.defaults.DefaultArgumentsDecorator object at 0x773d0a807130>, verb_extension=<colcon_core.verb.build.BuildVerb object at 0x773d0a998550>, main=<bound method BuildVerb.main of <colcon_core.verb.build.BuildVerb object at 0x773d0a998550>>)
[0.166s] Level 1:colcon.colcon_core.package_discovery:discover_packages(colcon_meta) check parameters
[0.166s] Level 1:colcon.colcon_core.package_discovery:discover_packages(recursive) check parameters
[0.166s] Level 1:colcon.colcon_core.package_discovery:discover_packages(ignore) check parameters
[0.166s] Level 1:colcon.colcon_core.package_discovery:discover_packages(path) check parameters
[0.166s] Level 1:colcon.colcon_core.package_discovery:discover_packages(colcon_meta) discover
[0.166s] Level 1:colcon.colcon_core.package_discovery:discover_packages(recursive) discover
[0.166s] INFO:colcon.colcon_core.package_discovery:Crawling recursively for packages in '/home/lss/dev_ws/src/line_follower/line_follower_model/line_follower_model'
[0.166s] Level 1:colcon.colcon_core.package_identification:_identify(.) by extensions ['ignore', 'ignore_ament_install']
[0.166s] Level 1:colcon.colcon_core.package_identification:_identify(.) by extension 'ignore'
[0.166s] Level 1:colcon.colcon_core.package_identification:_identify(.) by extension 'ignore_ament_install'
[0.166s] Level 1:colcon.colcon_core.package_identification:_identify(.) by extensions ['colcon_pkg']
[0.166s] Level 1:colcon.colcon_core.package_identification:_identify(.) by extension 'colcon_pkg'
[0.167s] Level 1:colcon.colcon_core.package_identification:_identify(.) by extensions ['colcon_meta']
[0.167s] Level 1:colcon.colcon_core.package_identification:_identify(.) by extension 'colcon_meta'
[0.167s] Level 1:colcon.colcon_core.package_identification:_identify(.) by extensions ['ros']
[0.167s] Level 1:colcon.colcon_core.package_identification:_identify(.) by extension 'ros'
[0.184s] Level 1:colcon.colcon_core.package_identification:_identify(.) by extensions ['cmake', 'python']
[0.184s] Level 1:colcon.colcon_core.package_identification:_identify(.) by extension 'cmake'
[0.185s] Level 1:colcon.colcon_core.package_identification:_identify(.) by extension 'python'
[0.185s] Level 1:colcon.colcon_core.package_identification:_identify(.) by extensions ['python_setup_py']
[0.185s] Level 1:colcon.colcon_core.package_identification:_identify(.) by extension 'python_setup_py'
[0.185s] Level 1:colcon.colcon_core.package_identification:_identify(__pycache__) by extensions ['ignore', 'ignore_ament_install']
[0.185s] Level 1:colcon.colcon_core.package_identification:_identify(__pycache__) by extension 'ignore'
[0.185s] Level 1:colcon.colcon_core.package_identification:_identify(__pycache__) by extension 'ignore_ament_install'
[0.185s] Level 1:colcon.colcon_core.package_identification:_identify(__pycache__) by extensions ['colcon_pkg']
[0.185s] Level 1:colcon.colcon_core.package_identification:_identify(__pycache__) by extension 'colcon_pkg'
[0.185s] Level 1:colcon.colcon_core.package_identification:_identify(__pycache__) by extensions ['colcon_meta']
[0.185s] Level 1:colcon.colcon_core.package_identification:_identify(__pycache__) by extension 'colcon_meta'
[0.185s] Level 1:colcon.colcon_core.package_identification:_identify(__pycache__) by extensions ['ros']
[0.185s] Level 1:colcon.colcon_core.package_identification:_identify(__pycache__) by extension 'ros'
[0.185s] Level 1:colcon.colcon_core.package_identification:_identify(__pycache__) by extensions ['cmake', 'python']
[0.185s] Level 1:colcon.colcon_core.package_identification:_identify(__pycache__) by extension 'cmake'
[0.185s] Level 1:colcon.colcon_core.package_identification:_identify(__pycache__) by extension 'python'
[0.185s] Level 1:colcon.colcon_core.package_identification:_identify(__pycache__) by extensions ['python_setup_py']
[0.185s] Level 1:colcon.colcon_core.package_identification:_identify(__pycache__) by extension 'python_setup_py'
[0.185s] Level 1:colcon.colcon_core.package_identification:_identify(build) by extensions ['ignore', 'ignore_ament_install']
[0.185s] Level 1:colcon.colcon_core.package_identification:_identify(build) by extension 'ignore'
[0.185s] Level 1:colcon.colcon_core.package_identification:_identify(build) ignored
[0.186s] Level 1:colcon.colcon_core.package_identification:_identify(image_dataset) by extensions ['ignore', 'ignore_ament_install']
[0.186s] Level 1:colcon.colcon_core.package_identification:_identify(image_dataset) by extension 'ignore'
[0.186s] Level 1:colcon.colcon_core.package_identification:_identify(image_dataset) by extension 'ignore_ament_install'
[0.186s] Level 1:colcon.colcon_core.package_identification:_identify(image_dataset) by extensions ['colcon_pkg']
[0.186s] Level 1:colcon.colcon_core.package_identification:_identify(image_dataset) by extension 'colcon_pkg'
[0.186s] Level 1:colcon.colcon_core.package_identification:_identify(image_dataset) by extensions ['colcon_meta']
[0.186s] Level 1:colcon.colcon_core.package_identification:_identify(image_dataset) by extension 'colcon_meta'
[0.186s] Level 1:colcon.colcon_core.package_identification:_identify(image_dataset) by extensions ['ros']
[0.186s] Level 1:colcon.colcon_core.package_identification:_identify(image_dataset) by extension 'ros'
[0.186s] Level 1:colcon.colcon_core.package_identification:_identify(image_dataset) by extensions ['cmake', 'python']
[0.186s] Level 1:colcon.colcon_core.package_identification:_identify(image_dataset) by extension 'cmake'
[0.186s] Level 1:colcon.colcon_core.package_identification:_identify(image_dataset) by extension 'python'
[0.187s] Level 1:colcon.colcon_core.package_identification:_identify(image_dataset) by extensions ['python_setup_py']
[0.187s] Level 1:colcon.colcon_core.package_identification:_identify(image_dataset) by extension 'python_setup_py'
[0.188s] Level 1:colcon.colcon_core.package_identification:_identify(image_dataset_4_edition) by extensions ['ignore', 'ignore_ament_install']
[0.188s] Level 1:colcon.colcon_core.package_identification:_identify(image_dataset_4_edition) by extension 'ignore'
[0.188s] Level 1:colcon.colcon_core.package_identification:_identify(image_dataset_4_edition) by extension 'ignore_ament_install'
[0.188s] Level 1:colcon.colcon_core.package_identification:_identify(image_dataset_4_edition) by extensions ['colcon_pkg']
[0.188s] Level 1:colcon.colcon_core.package_identification:_identify(image_dataset_4_edition) by extension 'colcon_pkg'
[0.188s] Level 1:colcon.colcon_core.package_identification:_identify(image_dataset_4_edition) by extensions ['colcon_meta']
[0.189s] Level 1:colcon.colcon_core.package_identification:_identify(image_dataset_4_edition) by extension 'colcon_meta'
[0.189s] Level 1:colcon.colcon_core.package_identification:_identify(image_dataset_4_edition) by extensions ['ros']
[0.189s] Level 1:colcon.colcon_core.package_identification:_identify(image_dataset_4_edition) by extension 'ros'
[0.189s] Level 1:colcon.colcon_core.package_identification:_identify(image_dataset_4_edition) by extensions ['cmake', 'python']
[0.189s] Level 1:colcon.colcon_core.package_identification:_identify(image_dataset_4_edition) by extension 'cmake'
[0.189s] Level 1:colcon.colcon_core.package_identification:_identify(image_dataset_4_edition) by extension 'python'
[0.189s] Level 1:colcon.colcon_core.package_identification:_identify(image_dataset_4_edition) by extensions ['python_setup_py']
[0.189s] Level 1:colcon.colcon_core.package_identification:_identify(image_dataset_4_edition) by extension 'python_setup_py'
[0.190s] Level 1:colcon.colcon_core.package_identification:_identify(image_dataset_first_edition) by extensions ['ignore', 'ignore_ament_install']
[0.190s] Level 1:colcon.colcon_core.package_identification:_identify(image_dataset_first_edition) by extension 'ignore'
[0.190s] Level 1:colcon.colcon_core.package_identification:_identify(image_dataset_first_edition) by extension 'ignore_ament_install'
[0.190s] Level 1:colcon.colcon_core.package_identification:_identify(image_dataset_first_edition) by extensions ['colcon_pkg']
[0.190s] Level 1:colcon.colcon_core.package_identification:_identify(image_dataset_first_edition) by extension 'colcon_pkg'
[0.190s] Level 1:colcon.colcon_core.package_identification:_identify(image_dataset_first_edition) by extensions ['colcon_meta']
[0.190s] Level 1:colcon.colcon_core.package_identification:_identify(image_dataset_first_edition) by extension 'colcon_meta'
[0.190s] Level 1:colcon.colcon_core.package_identification:_identify(image_dataset_first_edition) by extensions ['ros']
[0.190s] Level 1:colcon.colcon_core.package_identification:_identify(image_dataset_first_edition) by extension 'ros'
[0.191s] Level 1:colcon.colcon_core.package_identification:_identify(image_dataset_first_edition) by extensions ['cmake', 'python']
[0.191s] Level 1:colcon.colcon_core.package_identification:_identify(image_dataset_first_edition) by extension 'cmake'
[0.191s] Level 1:colcon.colcon_core.package_identification:_identify(image_dataset_first_edition) by extension 'python'
[0.191s] Level 1:colcon.colcon_core.package_identification:_identify(image_dataset_first_edition) by extensions ['python_setup_py']
[0.191s] Level 1:colcon.colcon_core.package_identification:_identify(image_dataset_first_edition) by extension 'python_setup_py'
[0.194s] Level 1:colcon.colcon_core.package_identification:_identify(image_dataset_second_edition) by extensions ['ignore', 'ignore_ament_install']
[0.194s] Level 1:colcon.colcon_core.package_identification:_identify(image_dataset_second_edition) by extension 'ignore'
[0.194s] Level 1:colcon.colcon_core.package_identification:_identify(image_dataset_second_edition) by extension 'ignore_ament_install'
[0.194s] Level 1:colcon.colcon_core.package_identification:_identify(image_dataset_second_edition) by extensions ['colcon_pkg']
[0.194s] Level 1:colcon.colcon_core.package_identification:_identify(image_dataset_second_edition) by extension 'colcon_pkg'
[0.194s] Level 1:colcon.colcon_core.package_identification:_identify(image_dataset_second_edition) by extensions ['colcon_meta']
[0.194s] Level 1:colcon.colcon_core.package_identification:_identify(image_dataset_second_edition) by extension 'colcon_meta'
[0.194s] Level 1:colcon.colcon_core.package_identification:_identify(image_dataset_second_edition) by extensions ['ros']
[0.194s] Level 1:colcon.colcon_core.package_identification:_identify(image_dataset_second_edition) by extension 'ros'
[0.194s] Level 1:colcon.colcon_core.package_identification:_identify(image_dataset_second_edition) by extensions ['cmake', 'python']
[0.194s] Level 1:colcon.colcon_core.package_identification:_identify(image_dataset_second_edition) by extension 'cmake'
[0.194s] Level 1:colcon.colcon_core.package_identification:_identify(image_dataset_second_edition) by extension 'python'
[0.194s] Level 1:colcon.colcon_core.package_identification:_identify(image_dataset_second_edition) by extensions ['python_setup_py']
[0.194s] Level 1:colcon.colcon_core.package_identification:_identify(image_dataset_second_edition) by extension 'python_setup_py'
[0.195s] Level 1:colcon.colcon_core.package_identification:_identify(input_images) by extensions ['ignore', 'ignore_ament_install']
[0.195s] Level 1:colcon.colcon_core.package_identification:_identify(input_images) by extension 'ignore'
[0.195s] Level 1:colcon.colcon_core.package_identification:_identify(input_images) by extension 'ignore_ament_install'
[0.195s] Level 1:colcon.colcon_core.package_identification:_identify(input_images) by extensions ['colcon_pkg']
[0.195s] Level 1:colcon.colcon_core.package_identification:_identify(input_images) by extension 'colcon_pkg'
[0.195s] Level 1:colcon.colcon_core.package_identification:_identify(input_images) by extensions ['colcon_meta']
[0.195s] Level 1:colcon.colcon_core.package_identification:_identify(input_images) by extension 'colcon_meta'
[0.195s] Level 1:colcon.colcon_core.package_identification:_identify(input_images) by extensions ['ros']
[0.195s] Level 1:colcon.colcon_core.package_identification:_identify(input_images) by extension 'ros'
[0.195s] Level 1:colcon.colcon_core.package_identification:_identify(input_images) by extensions ['cmake', 'python']
[0.195s] Level 1:colcon.colcon_core.package_identification:_identify(input_images) by extension 'cmake'
[0.195s] Level 1:colcon.colcon_core.package_identification:_identify(input_images) by extension 'python'
[0.195s] Level 1:colcon.colcon_core.package_identification:_identify(input_images) by extensions ['python_setup_py']
[0.195s] Level 1:colcon.colcon_core.package_identification:_identify(input_images) by extension 'python_setup_py'
[0.197s] Level 1:colcon.colcon_core.package_identification:_identify(input_images_first_edition) by extensions ['ignore', 'ignore_ament_install']
[0.197s] Level 1:colcon.colcon_core.package_identification:_identify(input_images_first_edition) by extension 'ignore'
[0.197s] Level 1:colcon.colcon_core.package_identification:_identify(input_images_first_edition) by extension 'ignore_ament_install'
[0.197s] Level 1:colcon.colcon_core.package_identification:_identify(input_images_first_edition) by extensions ['colcon_pkg']
[0.197s] Level 1:colcon.colcon_core.package_identification:_identify(input_images_first_edition) by extension 'colcon_pkg'
[0.197s] Level 1:colcon.colcon_core.package_identification:_identify(input_images_first_edition) by extensions ['colcon_meta']
[0.197s] Level 1:colcon.colcon_core.package_identification:_identify(input_images_first_edition) by extension 'colcon_meta'
[0.197s] Level 1:colcon.colcon_core.package_identification:_identify(input_images_first_edition) by extensions ['ros']
[0.197s] Level 1:colcon.colcon_core.package_identification:_identify(input_images_first_edition) by extension 'ros'
[0.197s] Level 1:colcon.colcon_core.package_identification:_identify(input_images_first_edition) by extensions ['cmake', 'python']
[0.197s] Level 1:colcon.colcon_core.package_identification:_identify(input_images_first_edition) by extension 'cmake'
[0.197s] Level 1:colcon.colcon_core.package_identification:_identify(input_images_first_edition) by extension 'python'
[0.198s] Level 1:colcon.colcon_core.package_identification:_identify(input_images_first_edition) by extensions ['python_setup_py']
[0.198s] Level 1:colcon.colcon_core.package_identification:_identify(input_images_first_edition) by extension 'python_setup_py'
[0.198s] Level 1:colcon.colcon_core.package_identification:_identify(install) by extensions ['ignore', 'ignore_ament_install']
[0.198s] Level 1:colcon.colcon_core.package_identification:_identify(install) by extension 'ignore'
[0.198s] Level 1:colcon.colcon_core.package_identification:_identify(install) ignored
[0.198s] Level 1:colcon.colcon_core.package_identification:_identify(log) by extensions ['ignore', 'ignore_ament_install']
[0.198s] Level 1:colcon.colcon_core.package_identification:_identify(log) by extension 'ignore'
[0.198s] Level 1:colcon.colcon_core.package_identification:_identify(log) ignored
[0.198s] Level 1:colcon.colcon_core.package_identification:_identify(newest_model__resnet) by extensions ['ignore', 'ignore_ament_install']
[0.198s] Level 1:colcon.colcon_core.package_identification:_identify(newest_model__resnet) by extension 'ignore'
[0.198s] Level 1:colcon.colcon_core.package_identification:_identify(newest_model__resnet) by extension 'ignore_ament_install'
[0.198s] Level 1:colcon.colcon_core.package_identification:_identify(newest_model__resnet) by extensions ['colcon_pkg']
[0.198s] Level 1:colcon.colcon_core.package_identification:_identify(newest_model__resnet) by extension 'colcon_pkg'
[0.198s] Level 1:colcon.colcon_core.package_identification:_identify(newest_model__resnet) by extensions ['colcon_meta']
[0.198s] Level 1:colcon.colcon_core.package_identification:_identify(newest_model__resnet) by extension 'colcon_meta'
[0.198s] Level 1:colcon.colcon_core.package_identification:_identify(newest_model__resnet) by extensions ['ros']
[0.198s] Level 1:colcon.colcon_core.package_identification:_identify(newest_model__resnet) by extension 'ros'
[0.198s] Level 1:colcon.colcon_core.package_identification:_identify(newest_model__resnet) by extensions ['cmake', 'python']
[0.198s] Level 1:colcon.colcon_core.package_identification:_identify(newest_model__resnet) by extension 'cmake'
[0.198s] Level 1:colcon.colcon_core.package_identification:_identify(newest_model__resnet) by extension 'python'
[0.198s] Level 1:colcon.colcon_core.package_identification:_identify(newest_model__resnet) by extensions ['python_setup_py']
[0.198s] Level 1:colcon.colcon_core.package_identification:_identify(newest_model__resnet) by extension 'python_setup_py'
[0.198s] Level 1:colcon.colcon_core.package_identification:_identify(test_experiment) by extensions ['ignore', 'ignore_ament_install']
[0.198s] Level 1:colcon.colcon_core.package_identification:_identify(test_experiment) by extension 'ignore'
[0.198s] Level 1:colcon.colcon_core.package_identification:_identify(test_experiment) by extension 'ignore_ament_install'
[0.198s] Level 1:colcon.colcon_core.package_identification:_identify(test_experiment) by extensions ['colcon_pkg']
[0.198s] Level 1:colcon.colcon_core.package_identification:_identify(test_experiment) by extension 'colcon_pkg'
[0.198s] Level 1:colcon.colcon_core.package_identification:_identify(test_experiment) by extensions ['colcon_meta']
[0.198s] Level 1:colcon.colcon_core.package_identification:_identify(test_experiment) by extension 'colcon_meta'
[0.198s] Level 1:colcon.colcon_core.package_identification:_identify(test_experiment) by extensions ['ros']
[0.198s] Level 1:colcon.colcon_core.package_identification:_identify(test_experiment) by extension 'ros'
[0.198s] Level 1:colcon.colcon_core.package_identification:_identify(test_experiment) by extensions ['cmake', 'python']
[0.198s] Level 1:colcon.colcon_core.package_identification:_identify(test_experiment) by extension 'cmake'
[0.198s] Level 1:colcon.colcon_core.package_identification:_identify(test_experiment) by extension 'python'
[0.198s] Level 1:colcon.colcon_core.package_identification:_identify(test_experiment) by extensions ['python_setup_py']
[0.198s] Level 1:colcon.colcon_core.package_identification:_identify(test_experiment) by extension 'python_setup_py'
[0.199s] Level 1:colcon.colcon_core.package_identification:_identify(test_experiment/image_dataset) by extensions ['ignore', 'ignore_ament_install']
[0.199s] Level 1:colcon.colcon_core.package_identification:_identify(test_experiment/image_dataset) by extension 'ignore'
[0.199s] Level 1:colcon.colcon_core.package_identification:_identify(test_experiment/image_dataset) by extension 'ignore_ament_install'
[0.199s] Level 1:colcon.colcon_core.package_identification:_identify(test_experiment/image_dataset) by extensions ['colcon_pkg']
[0.199s] Level 1:colcon.colcon_core.package_identification:_identify(test_experiment/image_dataset) by extension 'colcon_pkg'
[0.199s] Level 1:colcon.colcon_core.package_identification:_identify(test_experiment/image_dataset) by extensions ['colcon_meta']
[0.199s] Level 1:colcon.colcon_core.package_identification:_identify(test_experiment/image_dataset) by extension 'colcon_meta'
[0.199s] Level 1:colcon.colcon_core.package_identification:_identify(test_experiment/image_dataset) by extensions ['ros']
[0.199s] Level 1:colcon.colcon_core.package_identification:_identify(test_experiment/image_dataset) by extension 'ros'
[0.199s] Level 1:colcon.colcon_core.package_identification:_identify(test_experiment/image_dataset) by extensions ['cmake', 'python']
[0.199s] Level 1:colcon.colcon_core.package_identification:_identify(test_experiment/image_dataset) by extension 'cmake'
[0.199s] Level 1:colcon.colcon_core.package_identification:_identify(test_experiment/image_dataset) by extension 'python'
[0.199s] Level 1:colcon.colcon_core.package_identification:_identify(test_experiment/image_dataset) by extensions ['python_setup_py']
[0.199s] Level 1:colcon.colcon_core.package_identification:_identify(test_experiment/image_dataset) by extension 'python_setup_py'
[0.199s] Level 1:colcon.colcon_core.package_identification:_identify(test_experiment/tmp) by extensions ['ignore', 'ignore_ament_install']
[0.199s] Level 1:colcon.colcon_core.package_identification:_identify(test_experiment/tmp) by extension 'ignore'
[0.199s] Level 1:colcon.colcon_core.package_identification:_identify(test_experiment/tmp) by extension 'ignore_ament_install'
[0.199s] Level 1:colcon.colcon_core.package_identification:_identify(test_experiment/tmp) by extensions ['colcon_pkg']
[0.199s] Level 1:colcon.colcon_core.package_identification:_identify(test_experiment/tmp) by extension 'colcon_pkg'
[0.199s] Level 1:colcon.colcon_core.package_identification:_identify(test_experiment/tmp) by extensions ['colcon_meta']
[0.200s] Level 1:colcon.colcon_core.package_identification:_identify(test_experiment/tmp) by extension 'colcon_meta'
[0.200s] Level 1:colcon.colcon_core.package_identification:_identify(test_experiment/tmp) by extensions ['ros']
[0.200s] Level 1:colcon.colcon_core.package_identification:_identify(test_experiment/tmp) by extension 'ros'
[0.200s] Level 1:colcon.colcon_core.package_identification:_identify(test_experiment/tmp) by extensions ['cmake', 'python']
[0.200s] Level 1:colcon.colcon_core.package_identification:_identify(test_experiment/tmp) by extension 'cmake'
[0.200s] Level 1:colcon.colcon_core.package_identification:_identify(test_experiment/tmp) by extension 'python'
[0.200s] Level 1:colcon.colcon_core.package_identification:_identify(test_experiment/tmp) by extensions ['python_setup_py']
[0.200s] Level 1:colcon.colcon_core.package_identification:_identify(test_experiment/tmp) by extension 'python_setup_py'
[0.202s] Level 1:colcon.colcon_core.package_identification:_identify(test_experiment/tmp/image_dataset) by extensions ['ignore', 'ignore_ament_install']
[0.202s] Level 1:colcon.colcon_core.package_identification:_identify(test_experiment/tmp/image_dataset) by extension 'ignore'
[0.202s] Level 1:colcon.colcon_core.package_identification:_identify(test_experiment/tmp/image_dataset) by extension 'ignore_ament_install'
[0.202s] Level 1:colcon.colcon_core.package_identification:_identify(test_experiment/tmp/image_dataset) by extensions ['colcon_pkg']
[0.202s] Level 1:colcon.colcon_core.package_identification:_identify(test_experiment/tmp/image_dataset) by extension 'colcon_pkg'
[0.202s] Level 1:colcon.colcon_core.package_identification:_identify(test_experiment/tmp/image_dataset) by extensions ['colcon_meta']
[0.202s] Level 1:colcon.colcon_core.package_identification:_identify(test_experiment/tmp/image_dataset) by extension 'colcon_meta'
[0.202s] Level 1:colcon.colcon_core.package_identification:_identify(test_experiment/tmp/image_dataset) by extensions ['ros']
[0.202s] Level 1:colcon.colcon_core.package_identification:_identify(test_experiment/tmp/image_dataset) by extension 'ros'
[0.202s] Level 1:colcon.colcon_core.package_identification:_identify(test_experiment/tmp/image_dataset) by extensions ['cmake', 'python']
[0.202s] Level 1:colcon.colcon_core.package_identification:_identify(test_experiment/tmp/image_dataset) by extension 'cmake'
[0.202s] Level 1:colcon.colcon_core.package_identification:_identify(test_experiment/tmp/image_dataset) by extension 'python'
[0.202s] Level 1:colcon.colcon_core.package_identification:_identify(test_experiment/tmp/image_dataset) by extensions ['python_setup_py']
[0.202s] Level 1:colcon.colcon_core.package_identification:_identify(test_experiment/tmp/image_dataset) by extension 'python_setup_py'
[0.202s] Level 1:colcon.colcon_core.package_identification:_identify(test_experiment/tmp1) by extensions ['ignore', 'ignore_ament_install']
[0.202s] Level 1:colcon.colcon_core.package_identification:_identify(test_experiment/tmp1) by extension 'ignore'
[0.202s] Level 1:colcon.colcon_core.package_identification:_identify(test_experiment/tmp1) by extension 'ignore_ament_install'
[0.202s] Level 1:colcon.colcon_core.package_identification:_identify(test_experiment/tmp1) by extensions ['colcon_pkg']
[0.202s] Level 1:colcon.colcon_core.package_identification:_identify(test_experiment/tmp1) by extension 'colcon_pkg'
[0.202s] Level 1:colcon.colcon_core.package_identification:_identify(test_experiment/tmp1) by extensions ['colcon_meta']
[0.202s] Level 1:colcon.colcon_core.package_identification:_identify(test_experiment/tmp1) by extension 'colcon_meta'
[0.202s] Level 1:colcon.colcon_core.package_identification:_identify(test_experiment/tmp1) by extensions ['ros']
[0.202s] Level 1:colcon.colcon_core.package_identification:_identify(test_experiment/tmp1) by extension 'ros'
[0.202s] Level 1:colcon.colcon_core.package_identification:_identify(test_experiment/tmp1) by extensions ['cmake', 'python']
[0.202s] Level 1:colcon.colcon_core.package_identification:_identify(test_experiment/tmp1) by extension 'cmake'
[0.202s] Level 1:colcon.colcon_core.package_identification:_identify(test_experiment/tmp1) by extension 'python'
[0.202s] Level 1:colcon.colcon_core.package_identification:_identify(test_experiment/tmp1) by extensions ['python_setup_py']
[0.202s] Level 1:colcon.colcon_core.package_identification:_identify(test_experiment/tmp1) by extension 'python_setup_py'
[0.202s] Level 1:colcon.colcon_core.package_discovery:discover_packages(recursive) using defaults
[0.203s] Level 1:colcon.colcon_core.package_discovery:discover_packages(ignore) discover
[0.203s] Level 1:colcon.colcon_core.package_discovery:discover_packages(ignore) using defaults
[0.203s] Level 1:colcon.colcon_core.package_discovery:discover_packages(path) discover
[0.203s] Level 1:colcon.colcon_core.package_discovery:discover_packages(path) using defaults
[0.203s] WARNING:colcon.colcon_core.package_selection:ignoring unknown package 'line_follower_model' in --packages-select
[0.216s] Level 1:colcon.colcon_core.package_discovery:discover_packages(prefix_path) check parameters
[0.216s] Level 1:colcon.colcon_core.package_discovery:discover_packages(prefix_path) discover
[0.218s] DEBUG:colcon.colcon_installed_package_information.package_discovery:Found 12 installed packages in /home/lss/dev_ws_desktop/install
[0.218s] DEBUG:colcon.colcon_installed_package_information.package_discovery:Found 2 installed packages in /home/lss/dev_ws/install
[0.219s] DEBUG:colcon.colcon_installed_package_information.package_discovery:Found 354 installed packages in /opt/ros/humble
[0.221s] Level 1:colcon.colcon_core.package_discovery:discover_packages(prefix_path) using defaults
[0.244s] INFO:colcon.colcon_core.executor:Executing jobs using 'parallel' executor
[0.245s] DEBUG:colcon.colcon_parallel_executor.executor.parallel:run_until_complete
[0.245s] DEBUG:colcon.colcon_parallel_executor.executor.parallel:closing loop
[0.245s] DEBUG:colcon.colcon_parallel_executor.executor.parallel:loop closed
[0.245s] DEBUG:colcon.colcon_parallel_executor.executor.parallel:run_until_complete finished with '0'
[0.245s] DEBUG:colcon.colcon_core.event_reactor:joining thread
[0.249s] INFO:colcon.colcon_core.plugin_system:Skipping extension 'colcon_notification.desktop_notification.terminal_notifier': Not used on non-Darwin systems
[0.249s] INFO:colcon.colcon_core.plugin_system:Skipping extension 'colcon_notification.desktop_notification.win32': Not used on non-Windows systems
[0.249s] INFO:colcon.colcon_notification.desktop_notification:Sending desktop notification using 'notify2'
[0.261s] DEBUG:colcon.colcon_core.event_reactor:joined thread
[0.263s] INFO:colcon.colcon_core.plugin_system:Skipping extension 'colcon_core.shell.bat': Not used on non-Windows systems
[0.263s] INFO:colcon.colcon_core.shell:Creating prefix script '/home/lss/dev_ws/src/line_follower/line_follower_model/line_follower_model/install/local_setup.ps1'
[0.263s] INFO:colcon.colcon_core.shell:Creating prefix util module '/home/lss/dev_ws/src/line_follower/line_follower_model/line_follower_model/install/_local_setup_util_ps1.py'
[0.264s] INFO:colcon.colcon_core.shell:Creating prefix chain script '/home/lss/dev_ws/src/line_follower/line_follower_model/line_follower_model/install/setup.ps1'
[0.265s] INFO:colcon.colcon_core.shell:Creating prefix script '/home/lss/dev_ws/src/line_follower/line_follower_model/line_follower_model/install/local_setup.sh'
[0.265s] INFO:colcon.colcon_core.shell:Creating prefix util module '/home/lss/dev_ws/src/line_follower/line_follower_model/line_follower_model/install/_local_setup_util_sh.py'
[0.266s] INFO:colcon.colcon_core.shell:Creating prefix chain script '/home/lss/dev_ws/src/line_follower/line_follower_model/line_follower_model/install/setup.sh'
[0.267s] INFO:colcon.colcon_core.shell:Creating prefix script '/home/lss/dev_ws/src/line_follower/line_follower_model/line_follower_model/install/local_setup.bash'
[0.268s] INFO:colcon.colcon_core.shell:Creating prefix chain script '/home/lss/dev_ws/src/line_follower/line_follower_model/line_follower_model/install/setup.bash'
[0.269s] INFO:colcon.colcon_core.shell:Creating prefix script '/home/lss/dev_ws/src/line_follower/line_follower_model/line_follower_model/install/local_setup.zsh'
[0.270s] INFO:colcon.colcon_core.shell:Creating prefix chain script '/home/lss/dev_ws/src/line_follower/line_follower_model/line_follower_model/install/setup.zsh'
