[0.057s] DEBUG:colcon:Command line arguments: ['/usr/bin/colcon', 'build', '--symlink-install', '--packages-select', 'line_follower_model']
[0.057s] DEBUG:colcon:Parsed command line arguments: Namespace(log_base=None, log_level=None, verb_name='build', build_base='build', install_base='install', merge_install=False, symlink_install=True, test_result_base=None, continue_on_error=False, executor='parallel', parallel_workers=2, event_handlers=None, ignore_user_meta=False, metas=['./colcon.meta'], base_paths=['.'], packages_ignore=None, packages_ignore_regex=None, paths=None, packages_up_to=None, packages_up_to_regex=None, packages_above=None, packages_above_and_dependencies=None, packages_above_depth=None, packages_select_by_dep=None, packages_skip_by_dep=None, packages_skip_up_to=None, packages_select_build_failed=False, packages_skip_build_finished=False, packages_select_test_failures=False, packages_skip_test_passed=False, packages_select=['line_follower_model'], packages_skip=None, packages_select_regex=None, packages_skip_regex=None, packages_start=None, packages_end=None, allow_overriding=[], cmake_args=None, cmake_target=None, cmake_target_skip_unavailable=False, cmake_clean_cache=False, cmake_clean_first=False, cmake_force_configure=False, ament_cmake_args=None, catkin_cmake_args=None, catkin_skip_building_tests=False, verb_parser=<colcon_defaults.argument_parser.defaults.DefaultArgumentsDecorator object at 0x72c048af3100>, verb_extension=<colcon_core.verb.build.BuildVerb object at 0x72c048c90520>, main=<bound method BuildVerb.main of <colcon_core.verb.build.BuildVerb object at 0x72c048c90520>>)
[0.140s] Level 1:colcon.colcon_core.package_discovery:discover_packages(colcon_meta) check parameters
[0.140s] Level 1:colcon.colcon_core.package_discovery:discover_packages(recursive) check parameters
[0.140s] Level 1:colcon.colcon_core.package_discovery:discover_packages(ignore) check parameters
[0.140s] Level 1:colcon.colcon_core.package_discovery:discover_packages(path) check parameters
[0.140s] Level 1:colcon.colcon_core.package_discovery:discover_packages(colcon_meta) discover
[0.140s] Level 1:colcon.colcon_core.package_discovery:discover_packages(recursive) discover
[0.140s] INFO:colcon.colcon_core.package_discovery:Crawling recursively for packages in '/home/lss/dev_ws'
[0.140s] Level 1:colcon.colcon_core.package_identification:_identify(.) by extensions ['ignore', 'ignore_ament_install']
[0.140s] Level 1:colcon.colcon_core.package_identification:_identify(.) by extension 'ignore'
[0.140s] Level 1:colcon.colcon_core.package_identification:_identify(.) by extension 'ignore_ament_install'
[0.140s] Level 1:colcon.colcon_core.package_identification:_identify(.) by extensions ['colcon_pkg']
[0.140s] Level 1:colcon.colcon_core.package_identification:_identify(.) by extension 'colcon_pkg'
[0.141s] Level 1:colcon.colcon_core.package_identification:_identify(.) by extensions ['colcon_meta']
[0.141s] Level 1:colcon.colcon_core.package_identification:_identify(.) by extension 'colcon_meta'
[0.141s] Level 1:colcon.colcon_core.package_identification:_identify(.) by extensions ['ros']
[0.141s] Level 1:colcon.colcon_core.package_identification:_identify(.) by extension 'ros'
[0.152s] Level 1:colcon.colcon_core.package_identification:_identify(.) by extensions ['cmake', 'python']
[0.152s] Level 1:colcon.colcon_core.package_identification:_identify(.) by extension 'cmake'
[0.152s] Level 1:colcon.colcon_core.package_identification:_identify(.) by extension 'python'
[0.152s] Level 1:colcon.colcon_core.package_identification:_identify(.) by extensions ['python_setup_py']
[0.152s] Level 1:colcon.colcon_core.package_identification:_identify(.) by extension 'python_setup_py'
[0.152s] Level 1:colcon.colcon_core.package_identification:_identify(build) by extensions ['ignore', 'ignore_ament_install']
[0.152s] Level 1:colcon.colcon_core.package_identification:_identify(build) by extension 'ignore'
[0.152s] Level 1:colcon.colcon_core.package_identification:_identify(build) ignored
[0.152s] Level 1:colcon.colcon_core.package_identification:_identify(image_dataset) by extensions ['ignore', 'ignore_ament_install']
[0.152s] Level 1:colcon.colcon_core.package_identification:_identify(image_dataset) by extension 'ignore'
[0.152s] Level 1:colcon.colcon_core.package_identification:_identify(image_dataset) by extension 'ignore_ament_install'
[0.152s] Level 1:colcon.colcon_core.package_identification:_identify(image_dataset) by extensions ['colcon_pkg']
[0.152s] Level 1:colcon.colcon_core.package_identification:_identify(image_dataset) by extension 'colcon_pkg'
[0.152s] Level 1:colcon.colcon_core.package_identification:_identify(image_dataset) by extensions ['colcon_meta']
[0.152s] Level 1:colcon.colcon_core.package_identification:_identify(image_dataset) by extension 'colcon_meta'
[0.152s] Level 1:colcon.colcon_core.package_identification:_identify(image_dataset) by extensions ['ros']
[0.152s] Level 1:colcon.colcon_core.package_identification:_identify(image_dataset) by extension 'ros'
[0.152s] Level 1:colcon.colcon_core.package_identification:_identify(image_dataset) by extensions ['cmake', 'python']
[0.152s] Level 1:colcon.colcon_core.package_identification:_identify(image_dataset) by extension 'cmake'
[0.152s] Level 1:colcon.colcon_core.package_identification:_identify(image_dataset) by extension 'python'
[0.152s] Level 1:colcon.colcon_core.package_identification:_identify(image_dataset) by extensions ['python_setup_py']
[0.152s] Level 1:colcon.colcon_core.package_identification:_identify(image_dataset) by extension 'python_setup_py'
[0.152s] Level 1:colcon.colcon_core.package_identification:_identify(install) by extensions ['ignore', 'ignore_ament_install']
[0.152s] Level 1:colcon.colcon_core.package_identification:_identify(install) by extension 'ignore'
[0.152s] Level 1:colcon.colcon_core.package_identification:_identify(install) ignored
[0.152s] Level 1:colcon.colcon_core.package_identification:_identify(log) by extensions ['ignore', 'ignore_ament_install']
[0.152s] Level 1:colcon.colcon_core.package_identification:_identify(log) by extension 'ignore'
[0.152s] Level 1:colcon.colcon_core.package_identification:_identify(log) ignored
[0.152s] Level 1:colcon.colcon_core.package_identification:_identify(src) by extensions ['ignore', 'ignore_ament_install']
[0.152s] Level 1:colcon.colcon_core.package_identification:_identify(src) by extension 'ignore'
[0.152s] Level 1:colcon.colcon_core.package_identification:_identify(src) by extension 'ignore_ament_install'
[0.152s] Level 1:colcon.colcon_core.package_identification:_identify(src) by extensions ['colcon_pkg']
[0.152s] Level 1:colcon.colcon_core.package_identification:_identify(src) by extension 'colcon_pkg'
[0.152s] Level 1:colcon.colcon_core.package_identification:_identify(src) by extensions ['colcon_meta']
[0.152s] Level 1:colcon.colcon_core.package_identification:_identify(src) by extension 'colcon_meta'
[0.152s] Level 1:colcon.colcon_core.package_identification:_identify(src) by extensions ['ros']
[0.153s] Level 1:colcon.colcon_core.package_identification:_identify(src) by extension 'ros'
[0.153s] Level 1:colcon.colcon_core.package_identification:_identify(src) by extensions ['cmake', 'python']
[0.153s] Level 1:colcon.colcon_core.package_identification:_identify(src) by extension 'cmake'
[0.153s] Level 1:colcon.colcon_core.package_identification:_identify(src) by extension 'python'
[0.153s] Level 1:colcon.colcon_core.package_identification:_identify(src) by extensions ['python_setup_py']
[0.153s] Level 1:colcon.colcon_core.package_identification:_identify(src) by extension 'python_setup_py'
[0.153s] Level 1:colcon.colcon_core.package_identification:_identify(src/line_follower) by extensions ['ignore', 'ignore_ament_install']
[0.153s] Level 1:colcon.colcon_core.package_identification:_identify(src/line_follower) by extension 'ignore'
[0.153s] Level 1:colcon.colcon_core.package_identification:_identify(src/line_follower) by extension 'ignore_ament_install'
[0.153s] Level 1:colcon.colcon_core.package_identification:_identify(src/line_follower) by extensions ['colcon_pkg']
[0.153s] Level 1:colcon.colcon_core.package_identification:_identify(src/line_follower) by extension 'colcon_pkg'
[0.153s] Level 1:colcon.colcon_core.package_identification:_identify(src/line_follower) by extensions ['colcon_meta']
[0.153s] Level 1:colcon.colcon_core.package_identification:_identify(src/line_follower) by extension 'colcon_meta'
[0.153s] Level 1:colcon.colcon_core.package_identification:_identify(src/line_follower) by extensions ['ros']
[0.153s] Level 1:colcon.colcon_core.package_identification:_identify(src/line_follower) by extension 'ros'
[0.153s] Level 1:colcon.colcon_core.package_identification:_identify(src/line_follower) by extensions ['cmake', 'python']
[0.153s] Level 1:colcon.colcon_core.package_identification:_identify(src/line_follower) by extension 'cmake'
[0.153s] Level 1:colcon.colcon_core.package_identification:_identify(src/line_follower) by extension 'python'
[0.153s] Level 1:colcon.colcon_core.package_identification:_identify(src/line_follower) by extensions ['python_setup_py']
[0.153s] Level 1:colcon.colcon_core.package_identification:_identify(src/line_follower) by extension 'python_setup_py'
[0.153s] Level 1:colcon.colcon_core.package_identification:_identify(src/line_follower/10_model_convert) by extensions ['ignore', 'ignore_ament_install']
[0.153s] Level 1:colcon.colcon_core.package_identification:_identify(src/line_follower/10_model_convert) by extension 'ignore'
[0.153s] Level 1:colcon.colcon_core.package_identification:_identify(src/line_follower/10_model_convert) by extension 'ignore_ament_install'
[0.153s] Level 1:colcon.colcon_core.package_identification:_identify(src/line_follower/10_model_convert) by extensions ['colcon_pkg']
[0.153s] Level 1:colcon.colcon_core.package_identification:_identify(src/line_follower/10_model_convert) by extension 'colcon_pkg'
[0.153s] Level 1:colcon.colcon_core.package_identification:_identify(src/line_follower/10_model_convert) by extensions ['colcon_meta']
[0.153s] Level 1:colcon.colcon_core.package_identification:_identify(src/line_follower/10_model_convert) by extension 'colcon_meta'
[0.153s] Level 1:colcon.colcon_core.package_identification:_identify(src/line_follower/10_model_convert) by extensions ['ros']
[0.153s] Level 1:colcon.colcon_core.package_identification:_identify(src/line_follower/10_model_convert) by extension 'ros'
[0.153s] Level 1:colcon.colcon_core.package_identification:_identify(src/line_follower/10_model_convert) by extensions ['cmake', 'python']
[0.153s] Level 1:colcon.colcon_core.package_identification:_identify(src/line_follower/10_model_convert) by extension 'cmake'
[0.153s] Level 1:colcon.colcon_core.package_identification:_identify(src/line_follower/10_model_convert) by extension 'python'
[0.153s] Level 1:colcon.colcon_core.package_identification:_identify(src/line_follower/10_model_convert) by extensions ['python_setup_py']
[0.153s] Level 1:colcon.colcon_core.package_identification:_identify(src/line_follower/10_model_convert) by extension 'python_setup_py'
[0.153s] Level 1:colcon.colcon_core.package_identification:_identify(src/line_follower/10_model_convert/mapper) by extensions ['ignore', 'ignore_ament_install']
[0.153s] Level 1:colcon.colcon_core.package_identification:_identify(src/line_follower/10_model_convert/mapper) by extension 'ignore'
[0.153s] Level 1:colcon.colcon_core.package_identification:_identify(src/line_follower/10_model_convert/mapper) by extension 'ignore_ament_install'
[0.153s] Level 1:colcon.colcon_core.package_identification:_identify(src/line_follower/10_model_convert/mapper) by extensions ['colcon_pkg']
[0.153s] Level 1:colcon.colcon_core.package_identification:_identify(src/line_follower/10_model_convert/mapper) by extension 'colcon_pkg'
[0.153s] Level 1:colcon.colcon_core.package_identification:_identify(src/line_follower/10_model_convert/mapper) by extensions ['colcon_meta']
[0.153s] Level 1:colcon.colcon_core.package_identification:_identify(src/line_follower/10_model_convert/mapper) by extension 'colcon_meta'
[0.153s] Level 1:colcon.colcon_core.package_identification:_identify(src/line_follower/10_model_convert/mapper) by extensions ['ros']
[0.153s] Level 1:colcon.colcon_core.package_identification:_identify(src/line_follower/10_model_convert/mapper) by extension 'ros'
[0.153s] Level 1:colcon.colcon_core.package_identification:_identify(src/line_follower/10_model_convert/mapper) by extensions ['cmake', 'python']
[0.153s] Level 1:colcon.colcon_core.package_identification:_identify(src/line_follower/10_model_convert/mapper) by extension 'cmake'
[0.153s] Level 1:colcon.colcon_core.package_identification:_identify(src/line_follower/10_model_convert/mapper) by extension 'python'
[0.153s] Level 1:colcon.colcon_core.package_identification:_identify(src/line_follower/10_model_convert/mapper) by extensions ['python_setup_py']
[0.153s] Level 1:colcon.colcon_core.package_identification:_identify(src/line_follower/10_model_convert/mapper) by extension 'python_setup_py'
[0.153s] Level 1:colcon.colcon_core.package_identification:_identify(src/line_follower/Doc) by extensions ['ignore', 'ignore_ament_install']
[0.153s] Level 1:colcon.colcon_core.package_identification:_identify(src/line_follower/Doc) by extension 'ignore'
[0.153s] Level 1:colcon.colcon_core.package_identification:_identify(src/line_follower/Doc) by extension 'ignore_ament_install'
[0.154s] Level 1:colcon.colcon_core.package_identification:_identify(src/line_follower/Doc) by extensions ['colcon_pkg']
[0.154s] Level 1:colcon.colcon_core.package_identification:_identify(src/line_follower/Doc) by extension 'colcon_pkg'
[0.154s] Level 1:colcon.colcon_core.package_identification:_identify(src/line_follower/Doc) by extensions ['colcon_meta']
[0.154s] Level 1:colcon.colcon_core.package_identification:_identify(src/line_follower/Doc) by extension 'colcon_meta'
[0.154s] Level 1:colcon.colcon_core.package_identification:_identify(src/line_follower/Doc) by extensions ['ros']
[0.154s] Level 1:colcon.colcon_core.package_identification:_identify(src/line_follower/Doc) by extension 'ros'
[0.154s] Level 1:colcon.colcon_core.package_identification:_identify(src/line_follower/Doc) by extensions ['cmake', 'python']
[0.154s] Level 1:colcon.colcon_core.package_identification:_identify(src/line_follower/Doc) by extension 'cmake'
[0.154s] Level 1:colcon.colcon_core.package_identification:_identify(src/line_follower/Doc) by extension 'python'
[0.154s] Level 1:colcon.colcon_core.package_identification:_identify(src/line_follower/Doc) by extensions ['python_setup_py']
[0.154s] Level 1:colcon.colcon_core.package_identification:_identify(src/line_follower/Doc) by extension 'python_setup_py'
[0.154s] Level 1:colcon.colcon_core.package_identification:_identify(src/line_follower/Doc/assets) by extensions ['ignore', 'ignore_ament_install']
[0.154s] Level 1:colcon.colcon_core.package_identification:_identify(src/line_follower/Doc/assets) by extension 'ignore'
[0.154s] Level 1:colcon.colcon_core.package_identification:_identify(src/line_follower/Doc/assets) by extension 'ignore_ament_install'
[0.154s] Level 1:colcon.colcon_core.package_identification:_identify(src/line_follower/Doc/assets) by extensions ['colcon_pkg']
[0.154s] Level 1:colcon.colcon_core.package_identification:_identify(src/line_follower/Doc/assets) by extension 'colcon_pkg'
[0.154s] Level 1:colcon.colcon_core.package_identification:_identify(src/line_follower/Doc/assets) by extensions ['colcon_meta']
[0.154s] Level 1:colcon.colcon_core.package_identification:_identify(src/line_follower/Doc/assets) by extension 'colcon_meta'
[0.154s] Level 1:colcon.colcon_core.package_identification:_identify(src/line_follower/Doc/assets) by extensions ['ros']
[0.154s] Level 1:colcon.colcon_core.package_identification:_identify(src/line_follower/Doc/assets) by extension 'ros'
[0.154s] Level 1:colcon.colcon_core.package_identification:_identify(src/line_follower/Doc/assets) by extensions ['cmake', 'python']
[0.154s] Level 1:colcon.colcon_core.package_identification:_identify(src/line_follower/Doc/assets) by extension 'cmake'
[0.154s] Level 1:colcon.colcon_core.package_identification:_identify(src/line_follower/Doc/assets) by extension 'python'
[0.154s] Level 1:colcon.colcon_core.package_identification:_identify(src/line_follower/Doc/assets) by extensions ['python_setup_py']
[0.154s] Level 1:colcon.colcon_core.package_identification:_identify(src/line_follower/Doc/assets) by extension 'python_setup_py'
[0.154s] Level 1:colcon.colcon_core.package_identification:_identify(src/line_follower/imgs) by extensions ['ignore', 'ignore_ament_install']
[0.154s] Level 1:colcon.colcon_core.package_identification:_identify(src/line_follower/imgs) by extension 'ignore'
[0.154s] Level 1:colcon.colcon_core.package_identification:_identify(src/line_follower/imgs) by extension 'ignore_ament_install'
[0.154s] Level 1:colcon.colcon_core.package_identification:_identify(src/line_follower/imgs) by extensions ['colcon_pkg']
[0.154s] Level 1:colcon.colcon_core.package_identification:_identify(src/line_follower/imgs) by extension 'colcon_pkg'
[0.154s] Level 1:colcon.colcon_core.package_identification:_identify(src/line_follower/imgs) by extensions ['colcon_meta']
[0.154s] Level 1:colcon.colcon_core.package_identification:_identify(src/line_follower/imgs) by extension 'colcon_meta'
[0.154s] Level 1:colcon.colcon_core.package_identification:_identify(src/line_follower/imgs) by extensions ['ros']
[0.154s] Level 1:colcon.colcon_core.package_identification:_identify(src/line_follower/imgs) by extension 'ros'
[0.154s] Level 1:colcon.colcon_core.package_identification:_identify(src/line_follower/imgs) by extensions ['cmake', 'python']
[0.154s] Level 1:colcon.colcon_core.package_identification:_identify(src/line_follower/imgs) by extension 'cmake'
[0.154s] Level 1:colcon.colcon_core.package_identification:_identify(src/line_follower/imgs) by extension 'python'
[0.154s] Level 1:colcon.colcon_core.package_identification:_identify(src/line_follower/imgs) by extensions ['python_setup_py']
[0.154s] Level 1:colcon.colcon_core.package_identification:_identify(src/line_follower/imgs) by extension 'python_setup_py'
[0.154s] Level 1:colcon.colcon_core.package_identification:_identify(src/line_follower/line_follower_model) by extensions ['ignore', 'ignore_ament_install']
[0.154s] Level 1:colcon.colcon_core.package_identification:_identify(src/line_follower/line_follower_model) by extension 'ignore'
[0.154s] Level 1:colcon.colcon_core.package_identification:_identify(src/line_follower/line_follower_model) by extension 'ignore_ament_install'
[0.154s] Level 1:colcon.colcon_core.package_identification:_identify(src/line_follower/line_follower_model) by extensions ['colcon_pkg']
[0.154s] Level 1:colcon.colcon_core.package_identification:_identify(src/line_follower/line_follower_model) by extension 'colcon_pkg'
[0.155s] Level 1:colcon.colcon_core.package_identification:_identify(src/line_follower/line_follower_model) by extensions ['colcon_meta']
[0.155s] Level 1:colcon.colcon_core.package_identification:_identify(src/line_follower/line_follower_model) by extension 'colcon_meta'
[0.155s] Level 1:colcon.colcon_core.package_identification:_identify(src/line_follower/line_follower_model) by extensions ['ros']
[0.155s] Level 1:colcon.colcon_core.package_identification:_identify(src/line_follower/line_follower_model) by extension 'ros'
[0.156s] DEBUG:colcon.colcon_core.package_identification:Package 'src/line_follower/line_follower_model' with type 'ros.ament_python' and name 'line_follower_model'
[0.156s] Level 1:colcon.colcon_core.package_identification:_identify(src/line_follower/line_follower_perception) by extensions ['ignore', 'ignore_ament_install']
[0.156s] Level 1:colcon.colcon_core.package_identification:_identify(src/line_follower/line_follower_perception) by extension 'ignore'
[0.156s] Level 1:colcon.colcon_core.package_identification:_identify(src/line_follower/line_follower_perception) by extension 'ignore_ament_install'
[0.156s] Level 1:colcon.colcon_core.package_identification:_identify(src/line_follower/line_follower_perception) by extensions ['colcon_pkg']
[0.156s] Level 1:colcon.colcon_core.package_identification:_identify(src/line_follower/line_follower_perception) by extension 'colcon_pkg'
[0.156s] Level 1:colcon.colcon_core.package_identification:_identify(src/line_follower/line_follower_perception) by extensions ['colcon_meta']
[0.156s] Level 1:colcon.colcon_core.package_identification:_identify(src/line_follower/line_follower_perception) by extension 'colcon_meta'
[0.156s] Level 1:colcon.colcon_core.package_identification:_identify(src/line_follower/line_follower_perception) by extensions ['ros']
[0.156s] Level 1:colcon.colcon_core.package_identification:_identify(src/line_follower/line_follower_perception) by extension 'ros'
[0.157s] DEBUG:colcon.colcon_core.package_identification:Package 'src/line_follower/line_follower_perception' with type 'ros.ament_cmake' and name 'line_follower_perception'
[0.157s] Level 1:colcon.colcon_core.package_discovery:discover_packages(recursive) using defaults
[0.157s] Level 1:colcon.colcon_core.package_discovery:discover_packages(ignore) discover
[0.157s] Level 1:colcon.colcon_core.package_discovery:discover_packages(ignore) using defaults
[0.157s] Level 1:colcon.colcon_core.package_discovery:discover_packages(path) discover
[0.157s] Level 1:colcon.colcon_core.package_discovery:discover_packages(path) using defaults
[0.171s] INFO:colcon.colcon_core.package_selection:Skipping not selected package 'line_follower_perception' in 'src/line_follower/line_follower_perception'
[0.171s] Level 1:colcon.colcon_core.package_discovery:discover_packages(prefix_path) check parameters
[0.171s] Level 1:colcon.colcon_core.package_discovery:discover_packages(prefix_path) discover
[0.172s] DEBUG:colcon.colcon_installed_package_information.package_discovery:Found 12 installed packages in /home/lss/dev_ws_desktop/install
[0.172s] DEBUG:colcon.colcon_installed_package_information.package_discovery:Found 2 installed packages in /home/lss/dev_ws/install
[0.173s] DEBUG:colcon.colcon_installed_package_information.package_discovery:Found 354 installed packages in /opt/ros/humble
[0.174s] Level 1:colcon.colcon_core.package_discovery:discover_packages(prefix_path) using defaults
[0.196s] Level 5:colcon.colcon_core.verb:set package 'line_follower_model' build argument 'cmake_args' from command line to 'None'
[0.197s] Level 5:colcon.colcon_core.verb:set package 'line_follower_model' build argument 'cmake_target' from command line to 'None'
[0.197s] Level 5:colcon.colcon_core.verb:set package 'line_follower_model' build argument 'cmake_target_skip_unavailable' from command line to 'False'
[0.197s] Level 5:colcon.colcon_core.verb:set package 'line_follower_model' build argument 'cmake_clean_cache' from command line to 'False'
[0.197s] Level 5:colcon.colcon_core.verb:set package 'line_follower_model' build argument 'cmake_clean_first' from command line to 'False'
[0.197s] Level 5:colcon.colcon_core.verb:set package 'line_follower_model' build argument 'cmake_force_configure' from command line to 'False'
[0.197s] Level 5:colcon.colcon_core.verb:set package 'line_follower_model' build argument 'ament_cmake_args' from command line to 'None'
[0.197s] Level 5:colcon.colcon_core.verb:set package 'line_follower_model' build argument 'catkin_cmake_args' from command line to 'None'
[0.197s] Level 5:colcon.colcon_core.verb:set package 'line_follower_model' build argument 'catkin_skip_building_tests' from command line to 'False'
[0.197s] DEBUG:colcon.colcon_core.verb:Building package 'line_follower_model' with the following arguments: {'ament_cmake_args': None, 'build_base': '/home/lss/dev_ws/build/line_follower_model', 'catkin_cmake_args': None, 'catkin_skip_building_tests': False, 'cmake_args': None, 'cmake_clean_cache': False, 'cmake_clean_first': False, 'cmake_force_configure': False, 'cmake_target': None, 'cmake_target_skip_unavailable': False, 'install_base': '/home/lss/dev_ws/install/line_follower_model', 'merge_install': False, 'path': '/home/lss/dev_ws/src/line_follower/line_follower_model', 'symlink_install': True, 'test_result_base': None}
[0.197s] INFO:colcon.colcon_core.executor:Executing jobs using 'parallel' executor
[0.197s] DEBUG:colcon.colcon_parallel_executor.executor.parallel:run_until_complete
[0.198s] INFO:colcon.colcon_ros.task.ament_python.build:Building ROS package in '/home/lss/dev_ws/src/line_follower/line_follower_model' with build type 'ament_python'
[0.198s] Level 1:colcon.colcon_core.shell:create_environment_hook('line_follower_model', 'ament_prefix_path')
[0.199s] INFO:colcon.colcon_core.plugin_system:Skipping extension 'colcon_core.shell.bat': Not used on non-Windows systems
[0.199s] INFO:colcon.colcon_core.shell:Creating environment hook '/home/lss/dev_ws/install/line_follower_model/share/line_follower_model/hook/ament_prefix_path.ps1'
[0.200s] INFO:colcon.colcon_core.shell:Creating environment descriptor '/home/lss/dev_ws/install/line_follower_model/share/line_follower_model/hook/ament_prefix_path.dsv'
[0.200s] INFO:colcon.colcon_core.shell:Creating environment hook '/home/lss/dev_ws/install/line_follower_model/share/line_follower_model/hook/ament_prefix_path.sh'
[0.200s] INFO:colcon.colcon_core.shell:Skip shell extension 'powershell' for command environment: Not usable outside of PowerShell
[0.200s] DEBUG:colcon.colcon_core.shell:Skip shell extension 'dsv' for command environment
[0.342s] INFO:colcon.colcon_core.task.python.build:Building Python package in '/home/lss/dev_ws/src/line_follower/line_follower_model'
[0.342s] INFO:colcon.colcon_core.shell:Skip shell extension 'powershell' for command environment: Not usable outside of PowerShell
[0.342s] DEBUG:colcon.colcon_core.shell:Skip shell extension 'dsv' for command environment
[0.520s] DEBUG:colcon.colcon_core.task.python.build:While undoing a previous installation files outside the Python library path are being ignored: /home/lss/dev_ws/install/line_follower_model/share/ament_index/resource_index/packages/line_follower_model
[0.520s] DEBUG:colcon.colcon_core.task.python.build:While undoing a previous installation files outside the Python library path are being ignored: /home/lss/dev_ws/install/line_follower_model/share/line_follower_model/package.xml
[0.520s] DEBUG:colcon.colcon_core.task.python.build:While undoing a previous installation files outside the Python library path are being ignored: /home/lss/dev_ws/install/line_follower_model/lib/line_follower_model/annotation
[0.520s] DEBUG:colcon.colcon_core.task.python.build:While undoing a previous installation files outside the Python library path are being ignored: /home/lss/dev_ws/install/line_follower_model/lib/line_follower_model/generate_onnx
[0.520s] DEBUG:colcon.colcon_core.task.python.build:While undoing a previous installation files outside the Python library path are being ignored: /home/lss/dev_ws/install/line_follower_model/lib/line_follower_model/line_follower_model
[0.520s] DEBUG:colcon.colcon_core.task.python.build:While undoing a previous installation files outside the Python library path are being ignored: /home/lss/dev_ws/install/line_follower_model/lib/line_follower_model/pic_annotation
[0.520s] DEBUG:colcon.colcon_core.task.python.build:While undoing a previous installation files outside the Python library path are being ignored: /home/lss/dev_ws/install/line_follower_model/lib/line_follower_model/training
[0.523s] DEBUG:colcon.colcon_core.event_handler.log_command:Invoking command in '/home/lss/dev_ws/build/line_follower_model': PYTHONPATH=/home/lss/dev_ws/build/line_follower_model/prefix_override:/usr/lib/python3/dist-packages/colcon_core/task/python/colcon_distutils_commands:/home/lss/dev_ws/install/line_follower_model/lib/python3.10/site-packages:${PYTHONPATH} /usr/bin/python3 -W ignore:setup.py install is deprecated -W ignore:easy_install command is deprecated setup.py develop --editable --build-directory /home/lss/dev_ws/build/line_follower_model/build --no-deps symlink_data --force
[0.756s] Level 1:colcon.colcon_core.shell:create_environment_hook('line_follower_model', 'pythonpath_develop')
[0.756s] INFO:colcon.colcon_core.shell:Creating environment hook '/home/lss/dev_ws/build/line_follower_model/share/line_follower_model/hook/pythonpath_develop.ps1'
[0.757s] DEBUG:colcon.colcon_core.event_handler.log_command:Invoked command in '/home/lss/dev_ws/build/line_follower_model' returned '0': PYTHONPATH=/home/lss/dev_ws/build/line_follower_model/prefix_override:/usr/lib/python3/dist-packages/colcon_core/task/python/colcon_distutils_commands:/home/lss/dev_ws/install/line_follower_model/lib/python3.10/site-packages:${PYTHONPATH} /usr/bin/python3 -W ignore:setup.py install is deprecated -W ignore:easy_install command is deprecated setup.py develop --editable --build-directory /home/lss/dev_ws/build/line_follower_model/build --no-deps symlink_data --force
[0.757s] INFO:colcon.colcon_core.shell:Creating environment descriptor '/home/lss/dev_ws/build/line_follower_model/share/line_follower_model/hook/pythonpath_develop.dsv'
[0.758s] INFO:colcon.colcon_core.shell:Creating environment hook '/home/lss/dev_ws/build/line_follower_model/share/line_follower_model/hook/pythonpath_develop.sh'
[0.759s] Level 1:colcon.colcon_core.environment:checking '/home/lss/dev_ws/install/line_follower_model' for CMake module files
[0.759s] Level 1:colcon.colcon_core.environment:checking '/home/lss/dev_ws/install/line_follower_model' for CMake config files
[0.760s] Level 1:colcon.colcon_core.environment:checking '/home/lss/dev_ws/install/line_follower_model/lib'
[0.760s] Level 1:colcon.colcon_core.environment:checking '/home/lss/dev_ws/install/line_follower_model/bin'
[0.760s] Level 1:colcon.colcon_core.environment:checking '/home/lss/dev_ws/install/line_follower_model/lib/pkgconfig/line_follower_model.pc'
[0.760s] Level 1:colcon.colcon_core.environment:checking '/home/lss/dev_ws/install/line_follower_model/lib/python3.10/site-packages'
[0.760s] Level 1:colcon.colcon_core.shell:create_environment_hook('line_follower_model', 'pythonpath')
[0.760s] INFO:colcon.colcon_core.shell:Creating environment hook '/home/lss/dev_ws/install/line_follower_model/share/line_follower_model/hook/pythonpath.ps1'
[0.760s] INFO:colcon.colcon_core.shell:Creating environment descriptor '/home/lss/dev_ws/install/line_follower_model/share/line_follower_model/hook/pythonpath.dsv'
[0.760s] INFO:colcon.colcon_core.shell:Creating environment hook '/home/lss/dev_ws/install/line_follower_model/share/line_follower_model/hook/pythonpath.sh'
[0.761s] Level 1:colcon.colcon_core.environment:checking '/home/lss/dev_ws/install/line_follower_model/bin'
[0.761s] Level 1:colcon.colcon_core.environment:create_environment_scripts_only(line_follower_model)
[0.761s] INFO:colcon.colcon_core.shell:Creating package script '/home/lss/dev_ws/install/line_follower_model/share/line_follower_model/package.ps1'
[0.762s] INFO:colcon.colcon_core.shell:Creating package descriptor '/home/lss/dev_ws/install/line_follower_model/share/line_follower_model/package.dsv'
[0.762s] INFO:colcon.colcon_core.shell:Creating package script '/home/lss/dev_ws/install/line_follower_model/share/line_follower_model/package.sh'
[0.762s] INFO:colcon.colcon_core.shell:Creating package script '/home/lss/dev_ws/install/line_follower_model/share/line_follower_model/package.bash'
[0.763s] INFO:colcon.colcon_core.shell:Creating package script '/home/lss/dev_ws/install/line_follower_model/share/line_follower_model/package.zsh'
[0.763s] Level 1:colcon.colcon_core.environment:create_file_with_runtime_dependencies(/home/lss/dev_ws/install/line_follower_model/share/colcon-core/packages/line_follower_model)
[0.764s] DEBUG:colcon.colcon_parallel_executor.executor.parallel:closing loop
[0.764s] DEBUG:colcon.colcon_parallel_executor.executor.parallel:loop closed
[0.764s] DEBUG:colcon.colcon_parallel_executor.executor.parallel:run_until_complete finished with '0'
[0.764s] DEBUG:colcon.colcon_core.event_reactor:joining thread
[0.767s] INFO:colcon.colcon_core.plugin_system:Skipping extension 'colcon_notification.desktop_notification.terminal_notifier': Not used on non-Darwin systems
[0.767s] INFO:colcon.colcon_core.plugin_system:Skipping extension 'colcon_notification.desktop_notification.win32': Not used on non-Windows systems
[0.767s] INFO:colcon.colcon_notification.desktop_notification:Sending desktop notification using 'notify2'
[0.775s] DEBUG:colcon.colcon_core.event_reactor:joined thread
[0.775s] INFO:colcon.colcon_core.shell:Creating prefix script '/home/lss/dev_ws/install/local_setup.ps1'
[0.776s] INFO:colcon.colcon_core.shell:Creating prefix util module '/home/lss/dev_ws/install/_local_setup_util_ps1.py'
[0.777s] INFO:colcon.colcon_core.shell:Creating prefix chain script '/home/lss/dev_ws/install/setup.ps1'
[0.778s] INFO:colcon.colcon_core.shell:Creating prefix script '/home/lss/dev_ws/install/local_setup.sh'
[0.778s] INFO:colcon.colcon_core.shell:Creating prefix util module '/home/lss/dev_ws/install/_local_setup_util_sh.py'
[0.778s] INFO:colcon.colcon_core.shell:Creating prefix chain script '/home/lss/dev_ws/install/setup.sh'
[0.779s] INFO:colcon.colcon_core.shell:Creating prefix script '/home/lss/dev_ws/install/local_setup.bash'
[0.779s] INFO:colcon.colcon_core.shell:Creating prefix chain script '/home/lss/dev_ws/install/setup.bash'
[0.780s] INFO:colcon.colcon_core.shell:Creating prefix script '/home/lss/dev_ws/install/local_setup.zsh'
[0.780s] INFO:colcon.colcon_core.shell:Creating prefix chain script '/home/lss/dev_ws/install/setup.zsh'
