[0.142s] Invoking command in '/home/lss/dev_ws/build/line_follower_perception': CMAKE_PREFIX_PATH=${CMAKE_PREFIX_PATH}:/home/lss/dev_ws/install/line_follower_model:/home/lss/dev_ws_desktop/install/originbot_viz:/home/lss/dev_ws_desktop/install/originbot_demo:/home/lss/dev_ws_desktop/install/originbot_gazebo_harmonic:/home/lss/dev_ws_desktop/install/originbot_gazebo_fortress:/home/lss/dev_ws_desktop/install/originbot_gazebo:/home/lss/dev_ws_desktop/install/originbot_description:/home/lss/dev_ws_desktop/install/line_follower_model:/opt/ros/humble /usr/bin/cmake /home/lss/dev_ws/src/line_follower/line_follower_perception -DCMAKE_INSTALL_PREFIX=/home/lss/dev_ws/install/line_follower_perception
[0.154s] -- Found ament_cmake: 1.3.11 (/opt/ros/humble/share/ament_cmake/cmake)
[0.223s] -- Found rclcpp: 16.0.11 (/opt/ros/humble/share/rclcpp/cmake)
[0.237s] -- Found rosidl_generator_c: 3.1.6 (/opt/ros/humble/share/rosidl_generator_c/cmake)
[0.238s] -- Found rosidl_adapter: 3.1.6 (/opt/ros/humble/share/rosidl_adapter/cmake)
[0.241s] -- Found rosidl_generator_cpp: 3.1.6 (/opt/ros/humble/share/rosidl_generator_cpp/cmake)
[0.246s] -- Using all available rosidl_typesupport_c: rosidl_typesupport_fastrtps_c;rosidl_typesupport_introspection_c
[0.253s] -- Using all available rosidl_typesupport_cpp: rosidl_typesupport_fastrtps_cpp;rosidl_typesupport_introspection_cpp
[0.269s] -- Found rmw_implementation_cmake: 6.1.2 (/opt/ros/humble/share/rmw_implementation_cmake/cmake)
[0.270s] -- Found rmw_fastrtps_cpp: 6.2.7 (/opt/ros/humble/share/rmw_fastrtps_cpp/cmake)
[0.329s] -- Using RMW implementation 'rmw_fastrtps_cpp' as default
[0.363s] -- Configuring incomplete, errors occurred!
[0.363s] See also "/home/lss/dev_ws/build/line_follower_perception/CMakeFiles/CMakeOutput.log".
[0.367s] [31mCMake Error at CMakeLists.txt:40 (find_package):
[0.367s]   By not providing "Finddnn_node.cmake" in CMAKE_MODULE_PATH this project has
[0.367s]   asked CMake to find a package configuration file provided by "dnn_node",
[0.367s]   but CMake did not find one.
[0.367s] 
[0.367s]   Could not find a package configuration file provided by "dnn_node" with any
[0.367s]   of the following names:
[0.367s] 
[0.367s]     dnn_nodeConfig.cmake
[0.367s]     dnn_node-config.cmake
[0.367s] 
[0.367s]   Add the installation prefix of "dnn_node" to CMAKE_PREFIX_PATH or set
[0.367s]   "dnn_node_DIR" to a directory containing one of the above files.  If
[0.367s]   "dnn_node" provides a separate development package or SDK, be sure it has
[0.367s]   been installed.
[0.367s] 
[0.367s] [0m
[0.370s] Invoked command in '/home/lss/dev_ws/build/line_follower_perception' returned '1': CMAKE_PREFIX_PATH=${CMAKE_PREFIX_PATH}:/home/lss/dev_ws/install/line_follower_model:/home/lss/dev_ws_desktop/install/originbot_viz:/home/lss/dev_ws_desktop/install/originbot_demo:/home/lss/dev_ws_desktop/install/originbot_gazebo_harmonic:/home/lss/dev_ws_desktop/install/originbot_gazebo_fortress:/home/lss/dev_ws_desktop/install/originbot_gazebo:/home/lss/dev_ws_desktop/install/originbot_description:/home/lss/dev_ws_desktop/install/line_follower_model:/opt/ros/humble /usr/bin/cmake /home/lss/dev_ws/src/line_follower/line_follower_perception -DCMAKE_INSTALL_PREFIX=/home/lss/dev_ws/install/line_follower_perception
