[0.352s] Invoking command in '/home/lss/dev_ws/src/line_follower/line_follower_model': PYTHONPATH=/home/lss/dev_ws/build/line_follower_model/prefix_override:/usr/lib/python3/dist-packages/colcon_core/task/python/colcon_distutils_commands:/home/lss/dev_ws/install/line_follower_model/lib/python3.10/site-packages:${PYTHONPATH} /usr/bin/python3 -W ignore:setup.py install is deprecated -W ignore:easy_install command is deprecated setup.py egg_info --egg-base ../../../build/line_follower_model build --build-base /home/lss/dev_ws/build/line_follower_model/build install --record /home/lss/dev_ws/build/line_follower_model/install.log --single-version-externally-managed install_data
[0.484s] running egg_info
[0.485s] writing ../../../build/line_follower_model/line_follower_model.egg-info/PKG-INFO
[0.485s] writing dependency_links to ../../../build/line_follower_model/line_follower_model.egg-info/dependency_links.txt
[0.485s] writing entry points to ../../../build/line_follower_model/line_follower_model.egg-info/entry_points.txt
[0.485s] writing requirements to ../../../build/line_follower_model/line_follower_model.egg-info/requires.txt
[0.485s] writing top-level names to ../../../build/line_follower_model/line_follower_model.egg-info/top_level.txt
[0.486s] reading manifest file '../../../build/line_follower_model/line_follower_model.egg-info/SOURCES.txt'
[0.486s] writing manifest file '../../../build/line_follower_model/line_follower_model.egg-info/SOURCES.txt'
[0.487s] running build
[0.487s] running build_py
[0.487s] running install
[0.487s] running install_lib
[0.488s] running install_data
[0.488s] running install_egg_info
[0.490s] removing '/home/lss/dev_ws/install/line_follower_model/lib/python3.10/site-packages/line_follower_model-0.0.0-py3.10.egg-info' (and everything under it)
[0.490s] Copying ../../../build/line_follower_model/line_follower_model.egg-info to /home/lss/dev_ws/install/line_follower_model/lib/python3.10/site-packages/line_follower_model-0.0.0-py3.10.egg-info
[0.490s] running install_scripts
[0.504s] Installing annotation script to /home/lss/dev_ws/install/line_follower_model/lib/line_follower_model
[0.505s] Installing generate_onnx script to /home/lss/dev_ws/install/line_follower_model/lib/line_follower_model
[0.505s] Installing line_follower_model script to /home/lss/dev_ws/install/line_follower_model/lib/line_follower_model
[0.505s] Installing pic_annotation script to /home/lss/dev_ws/install/line_follower_model/lib/line_follower_model
[0.505s] Installing training script to /home/lss/dev_ws/install/line_follower_model/lib/line_follower_model
[0.506s] writing list of installed files to '/home/lss/dev_ws/build/line_follower_model/install.log'
[0.520s] Invoked command in '/home/lss/dev_ws/src/line_follower/line_follower_model' returned '0': PYTHONPATH=/home/lss/dev_ws/build/line_follower_model/prefix_override:/usr/lib/python3/dist-packages/colcon_core/task/python/colcon_distutils_commands:/home/lss/dev_ws/install/line_follower_model/lib/python3.10/site-packages:${PYTHONPATH} /usr/bin/python3 -W ignore:setup.py install is deprecated -W ignore:easy_install command is deprecated setup.py egg_info --egg-base ../../../build/line_follower_model build --build-base /home/lss/dev_ws/build/line_follower_model/build install --record /home/lss/dev_ws/build/line_follower_model/install.log --single-version-externally-managed install_data
